[ 2018-04-21T00:38:17+08:00 ] ::1 /OA/interface.php/V1/register
SQL: SHOW COLUMNS FROM `sp_user` [ RunTime:0.0006s ]
SQL: SELECT * FROM `sp_user` WHERE ( 18775134221 ) LIMIT 1   [ RunTime:0.0005s ]

[ 2018-04-21T00:38:29+08:00 ] ::1 /OA/interface.php/V1/register
SQL: SHOW COLUMNS FROM `sp_user` [ RunTime:0.0006s ]
SQL: SELECT * FROM `sp_user` WHERE ( 18775134221 ) LIMIT 1   [ RunTime:0.0004s ]

[ 2018-04-21T00:41:10+08:00 ] ::1 /OA/interface.php/V1/register
SQL: SHOW COLUMNS FROM `sp_user` [ RunTime:0.0006s ]
ERR: 1064:You have an error in your SQL syntax; check the manual that corresponds to your MySQL server version for the right syntax to use near ') LIMIT 1' at line 1
 [ SQL语句 ] : SELECT * FROM `sp_user` WHERE ( username= ) LIMIT 1  
ERR: 1064:You have an error in your SQL syntax; check the manual that corresponds to your MySQL server version for the right syntax to use near ') LIMIT 1' at line 1
 [ SQL语句 ] : SELECT * FROM `sp_user` WHERE ( username= ) LIMIT 1  

[ 2018-04-21T00:41:37+08:00 ] ::1 /OA/interface.php/V1/register
SQL: SHOW COLUMNS FROM `sp_user` [ RunTime:0.0006s ]
SQL: SELECT * FROM `sp_user` WHERE ( username=18775134221 ) LIMIT 1   [ RunTime:0.0023s ]
ERR: 1364:Field 'nickname' doesn't have a default value
 [ SQL语句 ] : INSERT INTO `sp_user` (`username`,`password`) VALUES ('18775134221','e10adc3949ba59abbe56e057f20f883e')
ERR: 1364:Field 'nickname' doesn't have a default value
 [ SQL语句 ] : INSERT INTO `sp_user` (`username`,`password`) VALUES ('18775134221','e10adc3949ba59abbe56e057f20f883e')

[ 2018-04-21T00:42:57+08:00 ] ::1 /OA/interface.php/V1/register
SQL: SHOW COLUMNS FROM `sp_user` [ RunTime:0.0006s ]
SQL: SELECT * FROM `sp_user` WHERE ( username=18775134221 ) LIMIT 1   [ RunTime:0.0003s ]
ERR: 1364:Field 'truename' doesn't have a default value
 [ SQL语句 ] : INSERT INTO `sp_user` (`username`,`password`,`nickname`) VALUES ('18775134221','e10adc3949ba59abbe56e057f20f883e','')
ERR: 1364:Field 'truename' doesn't have a default value
 [ SQL语句 ] : INSERT INTO `sp_user` (`username`,`password`,`nickname`) VALUES ('18775134221','e10adc3949ba59abbe56e057f20f883e','')

[ 2018-04-21T00:43:22+08:00 ] ::1 /OA/interface.php/V1/register
SQL: SHOW COLUMNS FROM `sp_user` [ RunTime:0.0006s ]
SQL: SELECT * FROM `sp_user` WHERE ( username=18775134221 ) LIMIT 1   [ RunTime:0.0004s ]
ERR: 1364:Field 'sex' doesn't have a default value
 [ SQL语句 ] : INSERT INTO `sp_user` (`username`,`password`,`nickname`,`truename`) VALUES ('18775134221','e10adc3949ba59abbe56e057f20f883e','','')
ERR: 1364:Field 'sex' doesn't have a default value
 [ SQL语句 ] : INSERT INTO `sp_user` (`username`,`password`,`nickname`,`truename`) VALUES ('18775134221','e10adc3949ba59abbe56e057f20f883e','','')

[ 2018-04-21T00:43:53+08:00 ] ::1 /OA/interface.php/V1/register
SQL: SHOW COLUMNS FROM `sp_user` [ RunTime:0.0006s ]
SQL: SELECT * FROM `sp_user` WHERE ( username=18775134221 ) LIMIT 1   [ RunTime:0.0003s ]
ERR: 1364:Field 'birthday' doesn't have a default value
 [ SQL语句 ] : INSERT INTO `sp_user` (`username`,`password`,`nickname`,`truename`,`sex`) VALUES ('18775134221','e10adc3949ba59abbe56e057f20f883e','','','保密')
ERR: 1364:Field 'birthday' doesn't have a default value
 [ SQL语句 ] : INSERT INTO `sp_user` (`username`,`password`,`nickname`,`truename`,`sex`) VALUES ('18775134221','e10adc3949ba59abbe56e057f20f883e','','','保密')

[ 2018-04-21T00:44:53+08:00 ] ::1 /OA/interface.php/V1/register
NOTIC: [8] Use of undefined constant birthday - assumed 'birthday' /Library/WebServer/Documents/OA/Interface/V1/Controller/IndexController.class.php 第 74 行.
NOTIC: [2] date() expects parameter 2 to be long, string given /Library/WebServer/Documents/OA/Interface/V1/Controller/IndexController.class.php 第 74 行.
SQL: SHOW COLUMNS FROM `sp_user` [ RunTime:0.0006s ]
SQL: SELECT * FROM `sp_user` WHERE ( username=18775134221 ) LIMIT 1   [ RunTime:0.0004s ]
ERR: 1292:Incorrect date value: '' for column 'birthday' at row 1
 [ SQL语句 ] : INSERT INTO `sp_user` (`username`,`password`,`nickname`,`truename`,`sex`,`birthday`) VALUES ('18775134221','e10adc3949ba59abbe56e057f20f883e','','','保密','')
ERR: 1292:Incorrect date value: '' for column 'birthday' at row 1
 [ SQL语句 ] : INSERT INTO `sp_user` (`username`,`password`,`nickname`,`truename`,`sex`,`birthday`) VALUES ('18775134221','e10adc3949ba59abbe56e057f20f883e','','','保密','')

[ 2018-04-21T00:45:18+08:00 ] ::1 /OA/interface.php/V1/register
SQL: SHOW COLUMNS FROM `sp_user` [ RunTime:0.0006s ]
SQL: SELECT * FROM `sp_user` WHERE ( username=18775134221 ) LIMIT 1   [ RunTime:0.0005s ]
ERR: 1364:Field 'tel' doesn't have a default value
 [ SQL语句 ] : INSERT INTO `sp_user` (`username`,`password`,`nickname`,`truename`,`sex`,`birthday`) VALUES ('18775134221','e10adc3949ba59abbe56e057f20f883e','','','保密','2018-04-21 00:45:18')
ERR: 1364:Field 'tel' doesn't have a default value
 [ SQL语句 ] : INSERT INTO `sp_user` (`username`,`password`,`nickname`,`truename`,`sex`,`birthday`) VALUES ('18775134221','e10adc3949ba59abbe56e057f20f883e','','','保密','2018-04-21 00:45:18')

[ 2018-04-21T00:45:50+08:00 ] ::1 /OA/interface.php/V1/register
SQL: SHOW COLUMNS FROM `sp_user` [ RunTime:0.0005s ]
SQL: SELECT * FROM `sp_user` WHERE ( username=18775134221 ) LIMIT 1   [ RunTime:0.0003s ]
ERR: 1364:Field 'email' doesn't have a default value
 [ SQL语句 ] : INSERT INTO `sp_user` (`username`,`password`,`nickname`,`truename`,`sex`,`birthday`,`tel`) VALUES ('18775134221','e10adc3949ba59abbe56e057f20f883e','','','保密','2018-04-21 00:45:50','18775134221')
ERR: 1364:Field 'email' doesn't have a default value
 [ SQL语句 ] : INSERT INTO `sp_user` (`username`,`password`,`nickname`,`truename`,`sex`,`birthday`,`tel`) VALUES ('18775134221','e10adc3949ba59abbe56e057f20f883e','','','保密','2018-04-21 00:45:50','18775134221')

[ 2018-04-21T00:46:19+08:00 ] ::1 /OA/interface.php/V1/register
SQL: SHOW COLUMNS FROM `sp_user` [ RunTime:0.0010s ]
SQL: SELECT * FROM `sp_user` WHERE ( username=18775134221 ) LIMIT 1   [ RunTime:0.0006s ]
SQL: INSERT INTO `sp_user` (`username`,`password`,`nickname`,`truename`,`sex`,`birthday`,`tel`,`email`) VALUES ('18775134221','e10adc3949ba59abbe56e057f20f883e','','','保密','2018-04-21 00:46:19','18775134221','') [ RunTime:0.0025s ]

[ 2018-04-21T00:47:16+08:00 ] ::1 /OA/interface.php/V1/login
SQL: SHOW COLUMNS FROM `sp_user` [ RunTime:0.0005s ]
SQL: SELECT `username`,`nickname`,`truename`,`id`,`tel`,`birthday`,`sex`,`role_id` FROM `sp_user` WHERE `username` = '18775134221' AND `password` = '123456' LIMIT 1   [ RunTime:0.0003s ]

[ 2018-04-21T00:48:46+08:00 ] ::1 /OA/interface.php/V1/login
SQL: SHOW COLUMNS FROM `sp_user` [ RunTime:0.0005s ]
SQL: SELECT `username`,`nickname`,`truename`,`id`,`tel`,`birthday`,`sex`,`role_id` FROM `sp_user` WHERE `username` = '18775134221' AND `password` = 'e10adc3949ba59abbe56e057f20f883e' LIMIT 1   [ RunTime:0.0003s ]
SQL: UPDATE `sp_user` SET `deadline`='1524847726',`token`='GTHCYTBvWfVNjxDf',`client_ip`='0.0.0.0' WHERE ( id=3 ) [ RunTime:0.0005s ]

[ 2018-04-21T00:49:30+08:00 ] ::1 /OA/interface.php/V1/login
SQL: SHOW COLUMNS FROM `sp_user` [ RunTime:0.0005s ]
SQL: SELECT `username`,`nickname`,`truename`,`id`,`tel`,`birthday`,`sex`,`role_id` FROM `sp_user` WHERE `username` = '18775134221' AND `password` = 'f1887d3f9e6ee7a32fe5e76f4ab80d63' LIMIT 1   [ RunTime:0.0004s ]

[ 2018-04-21T11:32:50+08:00 ] ::1 /OA/interface.php/V1/login
SQL: SHOW COLUMNS FROM `sp_user` [ RunTime:0.0247s ]
SQL: SELECT `username`,`nickname`,`truename`,`id`,`tel`,`birthday`,`sex`,`role_id` FROM `sp_user` WHERE `username` = '18775134221' AND `password` = 'f1887d3f9e6ee7a32fe5e76f4ab80d63' LIMIT 1   [ RunTime:0.0027s ]

[ 2018-04-21T11:33:07+08:00 ] ::1 /OA/interface.php/V1/login
SQL: SHOW COLUMNS FROM `sp_user` [ RunTime:0.0007s ]
SQL: SELECT `username`,`nickname`,`truename`,`id`,`tel`,`birthday`,`sex`,`role_id` FROM `sp_user` WHERE `username` = '18775134221' AND `password` = 'e10adc3949ba59abbe56e057f20f883e' LIMIT 1   [ RunTime:0.0004s ]
SQL: UPDATE `sp_user` SET `deadline`='1524886387',`token`='IVRjlzXtFAZ2wOEq',`client_ip`='0.0.0.0' WHERE ( id=3 ) [ RunTime:0.0084s ]

[ 2018-04-21T11:35:33+08:00 ] ::1 /OA/interface.php/V1/modifyPassword
SQL: SHOW COLUMNS FROM `sp_user` [ RunTime:0.0005s ]
SQL: SELECT * FROM `sp_user` WHERE ( id= 3 ) LIMIT 1   [ RunTime:0.0003s ]
SQL: SELECT * FROM `sp_user` WHERE ( token= 'IVRjlzXtFAZ2wOEq' and deadline>1524281733 ) LIMIT 1   [ RunTime:0.0008s ]

[ 2018-04-21T11:35:45+08:00 ] ::1 /OA/interface.php/V1/login
SQL: SHOW COLUMNS FROM `sp_user` [ RunTime:0.0005s ]
SQL: SELECT `username`,`nickname`,`truename`,`id`,`tel`,`birthday`,`sex`,`role_id` FROM `sp_user` WHERE `username` = '18775134221' AND `password` = 'e10adc3949ba59abbe56e057f20f883e' LIMIT 1   [ RunTime:0.0003s ]
SQL: UPDATE `sp_user` SET `deadline`='1524886545',`token`='BJmIbH58eAB29PcI',`client_ip`='0.0.0.0' WHERE ( id=3 ) [ RunTime:0.0015s ]

[ 2018-04-21T11:36:25+08:00 ] ::1 /OA/interface.php/V1/modifyPassword
SQL: SHOW COLUMNS FROM `sp_user` [ RunTime:0.0052s ]
SQL: SELECT * FROM `sp_user` WHERE ( id= 3 ) LIMIT 1   [ RunTime:0.0004s ]
SQL: SELECT * FROM `sp_user` WHERE ( token= 'BJmIbH58eAB29PcI' and deadline>1524281785 ) LIMIT 1   [ RunTime:0.0003s ]

[ 2018-04-21T11:37:37+08:00 ] ::1 /OA/interface.php/V1/login
SQL: SHOW COLUMNS FROM `sp_user` [ RunTime:0.0005s ]
SQL: SELECT `username`,`nickname`,`truename`,`id`,`tel`,`birthday`,`sex`,`role_id` FROM `sp_user` WHERE `username` = '18775134221' AND `password` = 'e10adc3949ba59abbe56e057f20f883e' LIMIT 1   [ RunTime:0.0003s ]
SQL: UPDATE `sp_user` SET `deadline`='1524886657',`token`='GclWV133u8SgInje',`client_ip`='0.0.0.0' WHERE ( id=3 ) [ RunTime:0.0007s ]

[ 2018-04-21T11:37:42+08:00 ] ::1 /OA/interface.php/V1/modifyPassword
SQL: SHOW COLUMNS FROM `sp_user` [ RunTime:0.0008s ]
SQL: SELECT * FROM `sp_user` WHERE ( id= 3 ) LIMIT 1   [ RunTime:0.0003s ]
SQL: SELECT * FROM `sp_user` WHERE ( token= 'BJmIbH58eAB29PcI' and deadline>1524281862 ) LIMIT 1   [ RunTime:0.0002s ]

[ 2018-04-21T11:37:43+08:00 ] ::1 /OA/interface.php/V1/modifyPassword
SQL: SHOW COLUMNS FROM `sp_user` [ RunTime:0.0005s ]
SQL: SELECT * FROM `sp_user` WHERE ( id= 3 ) LIMIT 1   [ RunTime:0.0003s ]
SQL: SELECT * FROM `sp_user` WHERE ( token= 'BJmIbH58eAB29PcI' and deadline>1524281863 ) LIMIT 1   [ RunTime:0.0003s ]

[ 2018-04-21T11:37:47+08:00 ] ::1 /OA/interface.php/V1/modifyPassword
SQL: SHOW COLUMNS FROM `sp_user` [ RunTime:0.0007s ]
SQL: SELECT * FROM `sp_user` WHERE ( id= 3 ) LIMIT 1   [ RunTime:0.0004s ]
SQL: SELECT * FROM `sp_user` WHERE ( token= 'BJmIbH58eAB29PcI' and deadline>1524281867 ) LIMIT 1   [ RunTime:0.0004s ]

[ 2018-04-21T11:38:24+08:00 ] ::1 /OA/interface.php/V1/modifyPassword
SQL: SHOW COLUMNS FROM `sp_user` [ RunTime:0.0005s ]
SQL: SELECT * FROM `sp_user` WHERE ( id= 3 ) LIMIT 1   [ RunTime:0.0003s ]
SQL: SELECT * FROM `sp_user` WHERE ( token= 'BJmIbH58eAB29PcI' and deadline>1524281904 ) LIMIT 1   [ RunTime:0.0003s ]

[ 2018-04-21T11:38:57+08:00 ] ::1 /OA/interface.php/V1/modifyPassword
SQL: SHOW COLUMNS FROM `sp_user` [ RunTime:0.0005s ]
SQL: SELECT * FROM `sp_user` WHERE ( id= 3 ) LIMIT 1   [ RunTime:0.0003s ]
SQL: SELECT * FROM `sp_user` WHERE ( token= 'BJmIbH58eAB29PcI' and deadline>1524281937 ) LIMIT 1   [ RunTime:0.0002s ]

[ 2018-04-21T11:43:04+08:00 ] ::1 /OA/interface.php/V1/modifyPassword
SQL: SHOW COLUMNS FROM `sp_user` [ RunTime:0.0005s ]
SQL: SELECT * FROM `sp_user` WHERE ( id= 3 ) LIMIT 1   [ RunTime:0.0003s ]
SQL: SELECT * FROM `sp_user` WHERE ( token= 'BJmIbH58eAB29PcI' and deadline>1524282184 ) LIMIT 1   [ RunTime:0.0002s ]

[ 2018-04-21T11:46:30+08:00 ] ::1 /OA/interface.php/V1/modifyPassword
SQL: SHOW COLUMNS FROM `sp_user` [ RunTime:0.0006s ]
SQL: SELECT * FROM `sp_user` WHERE ( id= 3 ) LIMIT 1   [ RunTime:0.0003s ]
SQL: SELECT * FROM `sp_user` WHERE ( token= 'BJmIbH58eAB29PcI' and deadline>1524282390 ) LIMIT 1   [ RunTime:0.0002s ]

[ 2018-04-21T11:48:30+08:00 ] ::1 /OA/interface.php/V1/modifyPassword
SQL: SHOW COLUMNS FROM `sp_user` [ RunTime:0.0005s ]
SQL: SELECT * FROM `sp_user` WHERE ( id= 3 ) LIMIT 1   [ RunTime:0.0004s ]
SQL: SELECT * FROM `sp_user` WHERE ( token= 'BJmIbH58eAB29PcI' and deadline>1524282510 ) LIMIT 1   [ RunTime:0.0003s ]

[ 2018-04-21T11:49:50+08:00 ] ::1 /OA/interface.php/V1/modifyPassword
SQL: SHOW COLUMNS FROM `sp_user` [ RunTime:0.0006s ]
SQL: SELECT * FROM `sp_user` WHERE ( id= 3 ) LIMIT 1   [ RunTime:0.0006s ]
SQL: SELECT * FROM `sp_user` WHERE ( token= 'BJmIbH58eAB29PcI' and deadline>1524282590 ) LIMIT 1   [ RunTime:0.0004s ]
NOTIC: [8] Array to string conversion /Library/WebServer/Documents/OA/Interface/Common/Controller/ApiController.class.php 第 35 行.

[ 2018-04-21T11:50:18+08:00 ] ::1 /OA/interface.php/V1/modifyPassword
SQL: SHOW COLUMNS FROM `sp_user` [ RunTime:0.0007s ]
SQL: SELECT * FROM `sp_user` WHERE ( id= 3 ) LIMIT 1   [ RunTime:0.0004s ]
SQL: SELECT * FROM `sp_user` WHERE ( token= 'BJmIbH58eAB29PcI' and deadline>1524282618 ) LIMIT 1   [ RunTime:0.0003s ]

[ 2018-04-21T11:51:24+08:00 ] ::1 /OA/interface.php/V1/modifyPassword
SQL: SHOW COLUMNS FROM `sp_user` [ RunTime:0.0005s ]
SQL: SELECT * FROM `sp_user` WHERE ( id= 3 ) LIMIT 1   [ RunTime:0.0003s ]
SQL: SELECT * FROM `sp_user` WHERE ( token= 'BJmIbH58eAB29PcI' and deadline>1524282684 ) LIMIT 1   [ RunTime:0.0002s ]

[ 2018-04-21T11:51:45+08:00 ] ::1 /OA/interface.php/V1/modifyPassword
SQL: SHOW COLUMNS FROM `sp_user` [ RunTime:0.0006s ]
SQL: SELECT * FROM `sp_user` WHERE ( id= 3 ) LIMIT 1   [ RunTime:0.0003s ]
SQL: SELECT * FROM `sp_user` WHERE ( token= 'BJmIbH58eAB29PcI' and deadline>1524282705 ) LIMIT 1   [ RunTime:0.0002s ]

[ 2018-04-21T11:52:57+08:00 ] ::1 /OA/interface.php/V1/modifyPassword
SQL: SHOW COLUMNS FROM `sp_user` [ RunTime:0.0005s ]
SQL: SELECT * FROM `sp_user` WHERE ( id= 3 ) LIMIT 1   [ RunTime:0.0003s ]
SQL: SELECT * FROM `sp_user` WHERE ( token= 'BJmIbH58eAB29PcI' and deadline>1524282777 ) LIMIT 1   [ RunTime:0.0002s ]

[ 2018-04-21T11:52:59+08:00 ] ::1 /OA/interface.php/V1/modifyPassword
SQL: SHOW COLUMNS FROM `sp_user` [ RunTime:0.0011s ]
SQL: SELECT * FROM `sp_user` WHERE ( id= 3 ) LIMIT 1   [ RunTime:0.0006s ]
SQL: SELECT * FROM `sp_user` WHERE ( token= 'BJmIbH58eAB29PcI' and deadline>1524282779 ) LIMIT 1   [ RunTime:0.0003s ]

[ 2018-04-21T11:52:59+08:00 ] ::1 /OA/interface.php/V1/modifyPassword
SQL: SHOW COLUMNS FROM `sp_user` [ RunTime:0.0006s ]
SQL: SELECT * FROM `sp_user` WHERE ( id= 3 ) LIMIT 1   [ RunTime:0.0003s ]
SQL: SELECT * FROM `sp_user` WHERE ( token= 'BJmIbH58eAB29PcI' and deadline>1524282779 ) LIMIT 1   [ RunTime:0.0002s ]

[ 2018-04-21T11:52:59+08:00 ] ::1 /OA/interface.php/V1/modifyPassword
SQL: SHOW COLUMNS FROM `sp_user` [ RunTime:0.0005s ]
SQL: SELECT * FROM `sp_user` WHERE ( id= 3 ) LIMIT 1   [ RunTime:0.0004s ]
SQL: SELECT * FROM `sp_user` WHERE ( token= 'BJmIbH58eAB29PcI' and deadline>1524282779 ) LIMIT 1   [ RunTime:0.0002s ]

[ 2018-04-21T11:52:59+08:00 ] ::1 /OA/interface.php/V1/modifyPassword
SQL: SHOW COLUMNS FROM `sp_user` [ RunTime:0.0006s ]
SQL: SELECT * FROM `sp_user` WHERE ( id= 3 ) LIMIT 1   [ RunTime:0.0003s ]
SQL: SELECT * FROM `sp_user` WHERE ( token= 'BJmIbH58eAB29PcI' and deadline>1524282779 ) LIMIT 1   [ RunTime:0.0002s ]

[ 2018-04-21T11:53:00+08:00 ] ::1 /OA/interface.php/V1/modifyPassword
SQL: SHOW COLUMNS FROM `sp_user` [ RunTime:0.0005s ]
SQL: SELECT * FROM `sp_user` WHERE ( id= 3 ) LIMIT 1   [ RunTime:0.0003s ]
SQL: SELECT * FROM `sp_user` WHERE ( token= 'BJmIbH58eAB29PcI' and deadline>1524282780 ) LIMIT 1   [ RunTime:0.0002s ]

[ 2018-04-21T11:53:00+08:00 ] ::1 /OA/interface.php/V1/modifyPassword
SQL: SHOW COLUMNS FROM `sp_user` [ RunTime:0.0004s ]
SQL: SELECT * FROM `sp_user` WHERE ( id= 3 ) LIMIT 1   [ RunTime:0.0003s ]
SQL: SELECT * FROM `sp_user` WHERE ( token= 'BJmIbH58eAB29PcI' and deadline>1524282780 ) LIMIT 1   [ RunTime:0.0002s ]

[ 2018-04-21T11:53:01+08:00 ] ::1 /OA/interface.php/V1/modifyPassword
SQL: SHOW COLUMNS FROM `sp_user` [ RunTime:0.0007s ]
SQL: SELECT * FROM `sp_user` WHERE ( id= 3 ) LIMIT 1   [ RunTime:0.0004s ]
SQL: SELECT * FROM `sp_user` WHERE ( token= 'BJmIbH58eAB29PcI' and deadline>1524282781 ) LIMIT 1   [ RunTime:0.0003s ]

[ 2018-04-21T11:53:01+08:00 ] ::1 /OA/interface.php/V1/modifyPassword
SQL: SHOW COLUMNS FROM `sp_user` [ RunTime:0.0004s ]
SQL: SELECT * FROM `sp_user` WHERE ( id= 3 ) LIMIT 1   [ RunTime:0.0003s ]
SQL: SELECT * FROM `sp_user` WHERE ( token= 'BJmIbH58eAB29PcI' and deadline>1524282781 ) LIMIT 1   [ RunTime:0.0002s ]

[ 2018-04-21T11:53:01+08:00 ] ::1 /OA/interface.php/V1/modifyPassword
SQL: SHOW COLUMNS FROM `sp_user` [ RunTime:0.0005s ]
SQL: SELECT * FROM `sp_user` WHERE ( id= 3 ) LIMIT 1   [ RunTime:0.0005s ]
SQL: SELECT * FROM `sp_user` WHERE ( token= 'BJmIbH58eAB29PcI' and deadline>1524282781 ) LIMIT 1   [ RunTime:0.0003s ]

[ 2018-04-21T11:53:01+08:00 ] ::1 /OA/interface.php/V1/modifyPassword
SQL: SHOW COLUMNS FROM `sp_user` [ RunTime:0.0005s ]
SQL: SELECT * FROM `sp_user` WHERE ( id= 3 ) LIMIT 1   [ RunTime:0.0003s ]
SQL: SELECT * FROM `sp_user` WHERE ( token= 'BJmIbH58eAB29PcI' and deadline>1524282781 ) LIMIT 1   [ RunTime:0.0002s ]

[ 2018-04-21T11:53:02+08:00 ] ::1 /OA/interface.php/V1/modifyPassword
SQL: SHOW COLUMNS FROM `sp_user` [ RunTime:0.0005s ]
SQL: SELECT * FROM `sp_user` WHERE ( id= 3 ) LIMIT 1   [ RunTime:0.0004s ]
SQL: SELECT * FROM `sp_user` WHERE ( token= 'BJmIbH58eAB29PcI' and deadline>1524282782 ) LIMIT 1   [ RunTime:0.0003s ]

[ 2018-04-21T11:53:02+08:00 ] ::1 /OA/interface.php/V1/modifyPassword
SQL: SHOW COLUMNS FROM `sp_user` [ RunTime:0.0015s ]
SQL: SELECT * FROM `sp_user` WHERE ( id= 3 ) LIMIT 1   [ RunTime:0.0005s ]
SQL: SELECT * FROM `sp_user` WHERE ( token= 'BJmIbH58eAB29PcI' and deadline>1524282782 ) LIMIT 1   [ RunTime:0.0005s ]

[ 2018-04-21T11:53:02+08:00 ] ::1 /OA/interface.php/V1/modifyPassword
SQL: SHOW COLUMNS FROM `sp_user` [ RunTime:0.0006s ]
SQL: SELECT * FROM `sp_user` WHERE ( id= 3 ) LIMIT 1   [ RunTime:0.0003s ]
SQL: SELECT * FROM `sp_user` WHERE ( token= 'BJmIbH58eAB29PcI' and deadline>1524282782 ) LIMIT 1   [ RunTime:0.0003s ]

[ 2018-04-21T11:53:02+08:00 ] ::1 /OA/interface.php/V1/modifyPassword
SQL: SHOW COLUMNS FROM `sp_user` [ RunTime:0.0005s ]
SQL: SELECT * FROM `sp_user` WHERE ( id= 3 ) LIMIT 1   [ RunTime:0.0003s ]
SQL: SELECT * FROM `sp_user` WHERE ( token= 'BJmIbH58eAB29PcI' and deadline>1524282782 ) LIMIT 1   [ RunTime:0.0002s ]

[ 2018-04-21T11:53:03+08:00 ] ::1 /OA/interface.php/V1/modifyPassword
SQL: SHOW COLUMNS FROM `sp_user` [ RunTime:0.0004s ]
SQL: SELECT * FROM `sp_user` WHERE ( id= 3 ) LIMIT 1   [ RunTime:0.0003s ]
SQL: SELECT * FROM `sp_user` WHERE ( token= 'BJmIbH58eAB29PcI' and deadline>1524282783 ) LIMIT 1   [ RunTime:0.0003s ]

[ 2018-04-21T11:58:16+08:00 ] ::1 /OA/interface.php/V1/modifyPassword
SQL: SHOW COLUMNS FROM `sp_user` [ RunTime:0.0007s ]
SQL: SELECT * FROM `sp_user` WHERE ( id= 3 ) LIMIT 1   [ RunTime:0.0004s ]
SQL: SELECT * FROM `sp_user` WHERE ( token= 'BJmIbH58eAB29PcI' and deadline > 1524283096 ) LIMIT 1   [ RunTime:0.0003s ]

[ 2018-04-21T11:58:18+08:00 ] ::1 /OA/interface.php/V1/modifyPassword
SQL: SHOW COLUMNS FROM `sp_user` [ RunTime:0.0005s ]
SQL: SELECT * FROM `sp_user` WHERE ( id= 3 ) LIMIT 1   [ RunTime:0.0003s ]
SQL: SELECT * FROM `sp_user` WHERE ( token= 'BJmIbH58eAB29PcI' and deadline > 1524283098 ) LIMIT 1   [ RunTime:0.0002s ]

[ 2018-04-21T11:58:18+08:00 ] ::1 /OA/interface.php/V1/modifyPassword
SQL: SHOW COLUMNS FROM `sp_user` [ RunTime:0.0005s ]
SQL: SELECT * FROM `sp_user` WHERE ( id= 3 ) LIMIT 1   [ RunTime:0.0003s ]
SQL: SELECT * FROM `sp_user` WHERE ( token= 'BJmIbH58eAB29PcI' and deadline > 1524283098 ) LIMIT 1   [ RunTime:0.0002s ]

[ 2018-04-21T11:58:19+08:00 ] ::1 /OA/interface.php/V1/modifyPassword
SQL: SHOW COLUMNS FROM `sp_user` [ RunTime:0.0005s ]
SQL: SELECT * FROM `sp_user` WHERE ( id= 3 ) LIMIT 1   [ RunTime:0.0006s ]
SQL: SELECT * FROM `sp_user` WHERE ( token= 'BJmIbH58eAB29PcI' and deadline > 1524283099 ) LIMIT 1   [ RunTime:0.0003s ]

[ 2018-04-21T11:58:19+08:00 ] ::1 /OA/interface.php/V1/modifyPassword
SQL: SHOW COLUMNS FROM `sp_user` [ RunTime:0.0005s ]
SQL: SELECT * FROM `sp_user` WHERE ( id= 3 ) LIMIT 1   [ RunTime:0.0003s ]
SQL: SELECT * FROM `sp_user` WHERE ( token= 'BJmIbH58eAB29PcI' and deadline > 1524283099 ) LIMIT 1   [ RunTime:0.0002s ]

[ 2018-04-21T11:58:19+08:00 ] ::1 /OA/interface.php/V1/modifyPassword
SQL: SHOW COLUMNS FROM `sp_user` [ RunTime:0.0005s ]
SQL: SELECT * FROM `sp_user` WHERE ( id= 3 ) LIMIT 1   [ RunTime:0.0003s ]
SQL: SELECT * FROM `sp_user` WHERE ( token= 'BJmIbH58eAB29PcI' and deadline > 1524283099 ) LIMIT 1   [ RunTime:0.0002s ]

[ 2018-04-21T11:58:20+08:00 ] ::1 /OA/interface.php/V1/modifyPassword
SQL: SHOW COLUMNS FROM `sp_user` [ RunTime:0.0006s ]
SQL: SELECT * FROM `sp_user` WHERE ( id= 3 ) LIMIT 1   [ RunTime:0.0003s ]
SQL: SELECT * FROM `sp_user` WHERE ( token= 'BJmIbH58eAB29PcI' and deadline > 1524283100 ) LIMIT 1   [ RunTime:0.0002s ]

[ 2018-04-21T11:58:20+08:00 ] ::1 /OA/interface.php/V1/modifyPassword
SQL: SHOW COLUMNS FROM `sp_user` [ RunTime:0.0015s ]
SQL: SELECT * FROM `sp_user` WHERE ( id= 3 ) LIMIT 1   [ RunTime:0.0005s ]
SQL: SELECT * FROM `sp_user` WHERE ( token= 'BJmIbH58eAB29PcI' and deadline > 1524283100 ) LIMIT 1   [ RunTime:0.0004s ]

[ 2018-04-21T11:58:20+08:00 ] ::1 /OA/interface.php/V1/modifyPassword
SQL: SHOW COLUMNS FROM `sp_user` [ RunTime:0.0008s ]
SQL: SELECT * FROM `sp_user` WHERE ( id= 3 ) LIMIT 1   [ RunTime:0.0004s ]
SQL: SELECT * FROM `sp_user` WHERE ( token= 'BJmIbH58eAB29PcI' and deadline > 1524283100 ) LIMIT 1   [ RunTime:0.0002s ]

[ 2018-04-21T11:58:20+08:00 ] ::1 /OA/interface.php/V1/modifyPassword
SQL: SHOW COLUMNS FROM `sp_user` [ RunTime:0.0005s ]
SQL: SELECT * FROM `sp_user` WHERE ( id= 3 ) LIMIT 1   [ RunTime:0.0003s ]
SQL: SELECT * FROM `sp_user` WHERE ( token= 'BJmIbH58eAB29PcI' and deadline > 1524283100 ) LIMIT 1   [ RunTime:0.0003s ]

[ 2018-04-21T12:03:10+08:00 ] ::1 /OA/interface.php/V1/modifyPassword
SQL: SHOW COLUMNS FROM `sp_user` [ RunTime:0.0005s ]
SQL: SELECT * FROM `sp_user` WHERE ( id= 3 ) LIMIT 1   [ RunTime:0.0004s ]
ERR: 1054:Unknown column 'BJmIbH58eAB29PcI' in 'where clause'
 [ SQL语句 ] : select * from `sp_user` where `token`=BJmIbH58eAB29PcI and `deadline`> 1524283390
ERR: 1054:Unknown column 'BJmIbH58eAB29PcI' in 'where clause'
 [ SQL语句 ] : select * from `sp_user` where `token`=BJmIbH58eAB29PcI and `deadline`> 1524283390

[ 2018-04-21T12:04:15+08:00 ] ::1 /OA/interface.php/V1/modifyPassword
SQL: SHOW COLUMNS FROM `sp_user` [ RunTime:0.0007s ]
SQL: SELECT * FROM `sp_user` WHERE ( id= 3 ) LIMIT 1   [ RunTime:0.0005s ]
SQL: select * from `sp_user` where `token`='BJmIbH58eAB29PcI' and `deadline`> 1524283455 [ RunTime:0.0008s ]
NOTIC: [8] Use of undefined constant eixt - assumed 'eixt' /Library/WebServer/Documents/OA/Interface/Common/Controller/ApiController.class.php 第 35 行.
ERR: 1064:You have an error in your SQL syntax; check the manual that corresponds to your MySQL server version for the right syntax to use near 'BJmIbH58eAB29PcI' and deadline> 1524283455 ) LIMIT 1' at line 1
 [ SQL语句 ] : SELECT * FROM `sp_user` WHERE ( 'token= 'BJmIbH58eAB29PcI' and deadline> 1524283455 ) LIMIT 1  
ERR: 1064:You have an error in your SQL syntax; check the manual that corresponds to your MySQL server version for the right syntax to use near 'BJmIbH58eAB29PcI' and deadline> 1524283455 ) LIMIT 1' at line 1
 [ SQL语句 ] : SELECT * FROM `sp_user` WHERE ( 'token= 'BJmIbH58eAB29PcI' and deadline> 1524283455 ) LIMIT 1  

[ 2018-04-21T12:05:00+08:00 ] ::1 /OA/interface.php/V1/modifyPassword
SQL: SHOW COLUMNS FROM `sp_user` [ RunTime:0.0006s ]
SQL: SELECT * FROM `sp_user` WHERE ( id= 3 ) LIMIT 1   [ RunTime:0.0003s ]
ERR: 1064:You have an error in your SQL syntax; check the manual that corresponds to your MySQL server version for the right syntax to use near '1' at line 1
 [ SQL语句 ] : select * from `sp_user` where `token`='BJmIbH58eAB29PcI' and `deadline`> 1524283500limit 1;
ERR: 1064:You have an error in your SQL syntax; check the manual that corresponds to your MySQL server version for the right syntax to use near '1' at line 1
 [ SQL语句 ] : select * from `sp_user` where `token`='BJmIbH58eAB29PcI' and `deadline`> 1524283500limit 1;

[ 2018-04-21T12:05:43+08:00 ] ::1 /OA/interface.php/V1/modifyPassword
SQL: SHOW COLUMNS FROM `sp_user` [ RunTime:0.0004s ]
SQL: SELECT * FROM `sp_user` WHERE ( id= 3 ) LIMIT 1   [ RunTime:0.0003s ]
SQL: select * from `sp_user` where `token`='BJmIbH58eAB29PcI' and `deadline`> 1524283543 limit 1; [ RunTime:0.0002s ]
NOTIC: [8] Use of undefined constant eixt - assumed 'eixt' /Library/WebServer/Documents/OA/Interface/Common/Controller/ApiController.class.php 第 35 行.
ERR: 1064:You have an error in your SQL syntax; check the manual that corresponds to your MySQL server version for the right syntax to use near 'BJmIbH58eAB29PcI' and deadline> 1524283543 ) LIMIT 1' at line 1
 [ SQL语句 ] : SELECT * FROM `sp_user` WHERE ( 'token= 'BJmIbH58eAB29PcI' and deadline> 1524283543 ) LIMIT 1  
ERR: 1064:You have an error in your SQL syntax; check the manual that corresponds to your MySQL server version for the right syntax to use near 'BJmIbH58eAB29PcI' and deadline> 1524283543 ) LIMIT 1' at line 1
 [ SQL语句 ] : SELECT * FROM `sp_user` WHERE ( 'token= 'BJmIbH58eAB29PcI' and deadline> 1524283543 ) LIMIT 1  

[ 2018-04-21T12:06:42+08:00 ] ::1 /OA/interface.php/V1/modifyPassword
SQL: SHOW COLUMNS FROM `sp_user` [ RunTime:0.0005s ]
SQL: SELECT * FROM `sp_user` WHERE ( id= 3 ) LIMIT 1   [ RunTime:0.0003s ]
SQL: select * from `sp_user` where `token`='BJmIbH58eAB29PcI' and `deadline` > 1524283602 limit 1; [ RunTime:0.0002s ]
NOTIC: [8] Use of undefined constant eixt - assumed 'eixt' /Library/WebServer/Documents/OA/Interface/Common/Controller/ApiController.class.php 第 35 行.
ERR: 1064:You have an error in your SQL syntax; check the manual that corresponds to your MySQL server version for the right syntax to use near 'BJmIbH58eAB29PcI' and deadline> 1524283602 ) LIMIT 1' at line 1
 [ SQL语句 ] : SELECT * FROM `sp_user` WHERE ( 'token= 'BJmIbH58eAB29PcI' and deadline> 1524283602 ) LIMIT 1  
ERR: 1064:You have an error in your SQL syntax; check the manual that corresponds to your MySQL server version for the right syntax to use near 'BJmIbH58eAB29PcI' and deadline> 1524283602 ) LIMIT 1' at line 1
 [ SQL语句 ] : SELECT * FROM `sp_user` WHERE ( 'token= 'BJmIbH58eAB29PcI' and deadline> 1524283602 ) LIMIT 1  

[ 2018-04-21T12:07:38+08:00 ] ::1 /OA/interface.php/V1/modifyPassword
SQL: SHOW COLUMNS FROM `sp_user` [ RunTime:0.0005s ]
SQL: SELECT * FROM `sp_user` WHERE ( id= 3 ) LIMIT 1   [ RunTime:0.0003s ]
SQL: select * from `sp_user` where `token`='BJmIbH58eAB29PcI' and `deadline` > '1524283658' limit 1; [ RunTime:0.0015s ]
NOTIC: [8] Use of undefined constant eixt - assumed 'eixt' /Library/WebServer/Documents/OA/Interface/Common/Controller/ApiController.class.php 第 35 行.
ERR: 1064:You have an error in your SQL syntax; check the manual that corresponds to your MySQL server version for the right syntax to use near 'BJmIbH58eAB29PcI' and deadline> 1524283658 ) LIMIT 1' at line 1
 [ SQL语句 ] : SELECT * FROM `sp_user` WHERE ( 'token= 'BJmIbH58eAB29PcI' and deadline> 1524283658 ) LIMIT 1  
ERR: 1064:You have an error in your SQL syntax; check the manual that corresponds to your MySQL server version for the right syntax to use near 'BJmIbH58eAB29PcI' and deadline> 1524283658 ) LIMIT 1' at line 1
 [ SQL语句 ] : SELECT * FROM `sp_user` WHERE ( 'token= 'BJmIbH58eAB29PcI' and deadline> 1524283658 ) LIMIT 1  

[ 2018-04-21T12:08:38+08:00 ] ::1 /OA/interface.php/V1/modifyPassword
SQL: SHOW COLUMNS FROM `sp_user` [ RunTime:0.0074s ]
SQL: SELECT * FROM `sp_user` WHERE ( id= 3 ) LIMIT 1   [ RunTime:0.0005s ]
ERR: 1064:You have an error in your SQL syntax; check the manual that corresponds to your MySQL server version for the right syntax to use near ''sp_user' where `token`='BJmIbH58eAB29PcI' and 'deadline' > '1524283718' limit 1' at line 1
 [ SQL语句 ] : select * from 'sp_user' where `token`='BJmIbH58eAB29PcI' and 'deadline' > '1524283718' limit 1;
ERR: 1064:You have an error in your SQL syntax; check the manual that corresponds to your MySQL server version for the right syntax to use near ''sp_user' where `token`='BJmIbH58eAB29PcI' and 'deadline' > '1524283718' limit 1' at line 1
 [ SQL语句 ] : select * from 'sp_user' where `token`='BJmIbH58eAB29PcI' and 'deadline' > '1524283718' limit 1;

[ 2018-04-21T12:09:36+08:00 ] ::1 /OA/interface.php/V1/modifyPassword
SQL: SHOW COLUMNS FROM `sp_user` [ RunTime:0.0005s ]
SQL: SELECT * FROM `sp_user` WHERE ( id= 3 ) LIMIT 1   [ RunTime:0.0003s ]
SQL: select * from sp_user where `token`='BJmIbH58eAB29PcI' and 'deadline' > '1524283776' limit 1; [ RunTime:0.0003s ]
NOTIC: [8] Use of undefined constant eixt - assumed 'eixt' /Library/WebServer/Documents/OA/Interface/Common/Controller/ApiController.class.php 第 35 行.
ERR: 1064:You have an error in your SQL syntax; check the manual that corresponds to your MySQL server version for the right syntax to use near 'BJmIbH58eAB29PcI' and deadline> 1524283776 ) LIMIT 1' at line 1
 [ SQL语句 ] : SELECT * FROM `sp_user` WHERE ( 'token= 'BJmIbH58eAB29PcI' and deadline> 1524283776 ) LIMIT 1  
ERR: 1064:You have an error in your SQL syntax; check the manual that corresponds to your MySQL server version for the right syntax to use near 'BJmIbH58eAB29PcI' and deadline> 1524283776 ) LIMIT 1' at line 1
 [ SQL语句 ] : SELECT * FROM `sp_user` WHERE ( 'token= 'BJmIbH58eAB29PcI' and deadline> 1524283776 ) LIMIT 1  

[ 2018-04-21T12:10:10+08:00 ] ::1 /OA/interface.php/V1/modifyPassword
SQL: SHOW COLUMNS FROM `sp_user` [ RunTime:0.0005s ]
SQL: SELECT * FROM `sp_user` WHERE ( id= 3 ) LIMIT 1   [ RunTime:0.0003s ]
SQL: select * from sp_user where 'token'='BJmIbH58eAB29PcI' and 'deadline' > '1524283810' limit 1; [ RunTime:0.0002s ]
NOTIC: [8] Use of undefined constant eixt - assumed 'eixt' /Library/WebServer/Documents/OA/Interface/Common/Controller/ApiController.class.php 第 35 行.
SQL: SELECT * FROM `sp_user` WHERE ( 'token= ''BJmIbH58eAB29PcI' and deadline> 1524283810 ) LIMIT 1   [ RunTime:0.0002s ]

[ 2018-04-21T12:10:16+08:00 ] ::1 /OA/interface.php/V1/modifyPassword
SQL: SHOW COLUMNS FROM `sp_user` [ RunTime:0.0005s ]
SQL: SELECT * FROM `sp_user` WHERE ( id= 3 ) LIMIT 1   [ RunTime:0.0003s ]
SQL: select * from sp_user where 'token'='BJmIbH58eAB29PcI' and 'deadline' > '1524283816' limit 1; [ RunTime:0.0002s ]
NOTIC: [8] Use of undefined constant eixt - assumed 'eixt' /Library/WebServer/Documents/OA/Interface/Common/Controller/ApiController.class.php 第 35 行.
SQL: SELECT * FROM `sp_user` WHERE ( 'token= ''BJmIbH58eAB29PcI' and deadline> 1524283816 ) LIMIT 1   [ RunTime:0.0002s ]

[ 2018-04-21T12:10:18+08:00 ] ::1 /OA/interface.php/V1/modifyPassword
SQL: SHOW COLUMNS FROM `sp_user` [ RunTime:0.0006s ]
SQL: SELECT * FROM `sp_user` WHERE ( id= 3 ) LIMIT 1   [ RunTime:0.0004s ]
SQL: select * from sp_user where 'token'='BJmIbH58eAB29PcI' and 'deadline' > '1524283818' limit 1; [ RunTime:0.0003s ]
NOTIC: [8] Use of undefined constant eixt - assumed 'eixt' /Library/WebServer/Documents/OA/Interface/Common/Controller/ApiController.class.php 第 35 行.
SQL: SELECT * FROM `sp_user` WHERE ( 'token= ''BJmIbH58eAB29PcI' and deadline> 1524283818 ) LIMIT 1   [ RunTime:0.0002s ]

[ 2018-04-21T12:10:18+08:00 ] ::1 /OA/interface.php/V1/modifyPassword
SQL: SHOW COLUMNS FROM `sp_user` [ RunTime:0.0004s ]
SQL: SELECT * FROM `sp_user` WHERE ( id= 3 ) LIMIT 1   [ RunTime:0.0003s ]
SQL: select * from sp_user where 'token'='BJmIbH58eAB29PcI' and 'deadline' > '1524283818' limit 1; [ RunTime:0.0002s ]
NOTIC: [8] Use of undefined constant eixt - assumed 'eixt' /Library/WebServer/Documents/OA/Interface/Common/Controller/ApiController.class.php 第 35 行.
SQL: SELECT * FROM `sp_user` WHERE ( 'token= ''BJmIbH58eAB29PcI' and deadline> 1524283818 ) LIMIT 1   [ RunTime:0.0002s ]

[ 2018-04-21T12:10:19+08:00 ] ::1 /OA/interface.php/V1/modifyPassword
SQL: SHOW COLUMNS FROM `sp_user` [ RunTime:0.0005s ]
SQL: SELECT * FROM `sp_user` WHERE ( id= 3 ) LIMIT 1   [ RunTime:0.0003s ]
SQL: select * from sp_user where 'token'='BJmIbH58eAB29PcI' and 'deadline' > '1524283819' limit 1; [ RunTime:0.0002s ]
NOTIC: [8] Use of undefined constant eixt - assumed 'eixt' /Library/WebServer/Documents/OA/Interface/Common/Controller/ApiController.class.php 第 35 行.
SQL: SELECT * FROM `sp_user` WHERE ( 'token= ''BJmIbH58eAB29PcI' and deadline> 1524283819 ) LIMIT 1   [ RunTime:0.0002s ]

[ 2018-04-21T12:10:19+08:00 ] ::1 /OA/interface.php/V1/modifyPassword
SQL: SHOW COLUMNS FROM `sp_user` [ RunTime:0.0005s ]
SQL: SELECT * FROM `sp_user` WHERE ( id= 3 ) LIMIT 1   [ RunTime:0.0014s ]
SQL: select * from sp_user where 'token'='BJmIbH58eAB29PcI' and 'deadline' > '1524283819' limit 1; [ RunTime:0.0004s ]
NOTIC: [8] Use of undefined constant eixt - assumed 'eixt' /Library/WebServer/Documents/OA/Interface/Common/Controller/ApiController.class.php 第 35 行.
SQL: SELECT * FROM `sp_user` WHERE ( 'token= ''BJmIbH58eAB29PcI' and deadline> 1524283819 ) LIMIT 1   [ RunTime:0.0003s ]

[ 2018-04-21T12:10:19+08:00 ] ::1 /OA/interface.php/V1/modifyPassword
SQL: SHOW COLUMNS FROM `sp_user` [ RunTime:0.0005s ]
SQL: SELECT * FROM `sp_user` WHERE ( id= 3 ) LIMIT 1   [ RunTime:0.0003s ]
SQL: select * from sp_user where 'token'='BJmIbH58eAB29PcI' and 'deadline' > '1524283819' limit 1; [ RunTime:0.0002s ]
NOTIC: [8] Use of undefined constant eixt - assumed 'eixt' /Library/WebServer/Documents/OA/Interface/Common/Controller/ApiController.class.php 第 35 行.
SQL: SELECT * FROM `sp_user` WHERE ( 'token= ''BJmIbH58eAB29PcI' and deadline> 1524283819 ) LIMIT 1   [ RunTime:0.0002s ]

[ 2018-04-21T12:10:20+08:00 ] ::1 /OA/interface.php/V1/modifyPassword
SQL: SHOW COLUMNS FROM `sp_user` [ RunTime:0.0010s ]
SQL: SELECT * FROM `sp_user` WHERE ( id= 3 ) LIMIT 1   [ RunTime:0.0004s ]
SQL: select * from sp_user where 'token'='BJmIbH58eAB29PcI' and 'deadline' > '1524283820' limit 1; [ RunTime:0.0002s ]
NOTIC: [8] Use of undefined constant eixt - assumed 'eixt' /Library/WebServer/Documents/OA/Interface/Common/Controller/ApiController.class.php 第 35 行.
SQL: SELECT * FROM `sp_user` WHERE ( 'token= ''BJmIbH58eAB29PcI' and deadline> 1524283820 ) LIMIT 1   [ RunTime:0.0003s ]

[ 2018-04-21T12:10:20+08:00 ] ::1 /OA/interface.php/V1/modifyPassword
SQL: SHOW COLUMNS FROM `sp_user` [ RunTime:0.0005s ]
SQL: SELECT * FROM `sp_user` WHERE ( id= 3 ) LIMIT 1   [ RunTime:0.0003s ]
SQL: select * from sp_user where 'token'='BJmIbH58eAB29PcI' and 'deadline' > '1524283820' limit 1; [ RunTime:0.0002s ]
NOTIC: [8] Use of undefined constant eixt - assumed 'eixt' /Library/WebServer/Documents/OA/Interface/Common/Controller/ApiController.class.php 第 35 行.
SQL: SELECT * FROM `sp_user` WHERE ( 'token= ''BJmIbH58eAB29PcI' and deadline> 1524283820 ) LIMIT 1   [ RunTime:0.0002s ]

[ 2018-04-21T12:10:49+08:00 ] ::1 /OA/interface.php/V1/modifyPassword
SQL: SHOW COLUMNS FROM `sp_user` [ RunTime:0.0005s ]
SQL: SELECT * FROM `sp_user` WHERE ( id= 3 ) LIMIT 1   [ RunTime:0.0003s ]
SQL: SELECT * FROM `sp_user` WHERE ( 'token= ''BJmIbH58eAB29PcI' and 'deadline' > 1524283849 ) LIMIT 1   [ RunTime:0.0002s ]

[ 2018-04-21T12:10:51+08:00 ] ::1 /OA/interface.php/V1/modifyPassword
SQL: SHOW COLUMNS FROM `sp_user` [ RunTime:0.0005s ]
SQL: SELECT * FROM `sp_user` WHERE ( id= 3 ) LIMIT 1   [ RunTime:0.0003s ]
SQL: SELECT * FROM `sp_user` WHERE ( 'token= ''BJmIbH58eAB29PcI' and 'deadline' > 1524283851 ) LIMIT 1   [ RunTime:0.0002s ]

[ 2018-04-21T12:10:51+08:00 ] ::1 /OA/interface.php/V1/modifyPassword
SQL: SHOW COLUMNS FROM `sp_user` [ RunTime:0.0006s ]
SQL: SELECT * FROM `sp_user` WHERE ( id= 3 ) LIMIT 1   [ RunTime:0.0004s ]
SQL: SELECT * FROM `sp_user` WHERE ( 'token= ''BJmIbH58eAB29PcI' and 'deadline' > 1524283851 ) LIMIT 1   [ RunTime:0.0003s ]

[ 2018-04-21T12:10:51+08:00 ] ::1 /OA/interface.php/V1/modifyPassword
SQL: SHOW COLUMNS FROM `sp_user` [ RunTime:0.0005s ]
SQL: SELECT * FROM `sp_user` WHERE ( id= 3 ) LIMIT 1   [ RunTime:0.0003s ]
SQL: SELECT * FROM `sp_user` WHERE ( 'token= ''BJmIbH58eAB29PcI' and 'deadline' > 1524283851 ) LIMIT 1   [ RunTime:0.0002s ]

[ 2018-04-21T12:10:52+08:00 ] ::1 /OA/interface.php/V1/modifyPassword
SQL: SHOW COLUMNS FROM `sp_user` [ RunTime:0.0005s ]
SQL: SELECT * FROM `sp_user` WHERE ( id= 3 ) LIMIT 1   [ RunTime:0.0010s ]
SQL: SELECT * FROM `sp_user` WHERE ( 'token= ''BJmIbH58eAB29PcI' and 'deadline' > 1524283852 ) LIMIT 1   [ RunTime:0.0003s ]

[ 2018-04-21T12:10:52+08:00 ] ::1 /OA/interface.php/V1/modifyPassword
SQL: SHOW COLUMNS FROM `sp_user` [ RunTime:0.0005s ]
SQL: SELECT * FROM `sp_user` WHERE ( id= 3 ) LIMIT 1   [ RunTime:0.0006s ]
SQL: SELECT * FROM `sp_user` WHERE ( 'token= ''BJmIbH58eAB29PcI' and 'deadline' > 1524283852 ) LIMIT 1   [ RunTime:0.0005s ]

[ 2018-04-21T12:10:57+08:00 ] ::1 /OA/interface.php/V1/modifyPassword
SQL: SHOW COLUMNS FROM `sp_user` [ RunTime:0.0005s ]
SQL: SELECT * FROM `sp_user` WHERE ( id= 3 ) LIMIT 1   [ RunTime:0.0003s ]
SQL: SELECT * FROM `sp_user` WHERE ( 'token= ''BJmIbH58eAB29PcI' and 'deadline' > 1524283857 ) LIMIT 1   [ RunTime:0.0002s ]

[ 2018-04-21T12:10:59+08:00 ] ::1 /OA/interface.php/V1/modifyPassword
SQL: SHOW COLUMNS FROM `sp_user` [ RunTime:0.0005s ]
SQL: SELECT * FROM `sp_user` WHERE ( id= 3 ) LIMIT 1   [ RunTime:0.0003s ]
SQL: SELECT * FROM `sp_user` WHERE ( 'token= ''BJmIbH58eAB29PcI' and 'deadline' > 1524283859 ) LIMIT 1   [ RunTime:0.0002s ]

[ 2018-04-21T12:12:06+08:00 ] ::1 /OA/interface.php/V1/modifyPassword
SQL: SHOW COLUMNS FROM `sp_user` [ RunTime:0.0004s ]
SQL: SELECT * FROM `sp_user` WHERE ( id= 3 ) LIMIT 1   [ RunTime:0.0003s ]
ERR: 1054:Unknown column 'BJmIbH58eAB29PcI' in 'where clause'
 [ SQL语句 ] : SELECT * FROM `sp_user` WHERE ( token= BJmIbH58eAB29PcI and deadline > 1524283926 ) LIMIT 1  
ERR: 1054:Unknown column 'BJmIbH58eAB29PcI' in 'where clause'
 [ SQL语句 ] : SELECT * FROM `sp_user` WHERE ( token= BJmIbH58eAB29PcI and deadline > 1524283926 ) LIMIT 1  

[ 2018-04-21T12:12:30+08:00 ] ::1 /OA/interface.php/V1/modifyPassword
SQL: SHOW COLUMNS FROM `sp_user` [ RunTime:0.0005s ]
SQL: SELECT * FROM `sp_user` WHERE ( id= 3 ) LIMIT 1   [ RunTime:0.0003s ]
SQL: SELECT * FROM `sp_user` WHERE ( token= 'BJmIbH58eAB29PcI' and deadline > 1524283950 ) LIMIT 1   [ RunTime:0.0002s ]

[ 2018-04-21T12:12:32+08:00 ] ::1 /OA/interface.php/V1/modifyPassword
SQL: SHOW COLUMNS FROM `sp_user` [ RunTime:0.0005s ]
SQL: SELECT * FROM `sp_user` WHERE ( id= 3 ) LIMIT 1   [ RunTime:0.0003s ]
SQL: SELECT * FROM `sp_user` WHERE ( token= 'BJmIbH58eAB29PcI' and deadline > 1524283952 ) LIMIT 1   [ RunTime:0.0002s ]

[ 2018-04-21T12:12:32+08:00 ] ::1 /OA/interface.php/V1/modifyPassword
SQL: SHOW COLUMNS FROM `sp_user` [ RunTime:0.0005s ]
SQL: SELECT * FROM `sp_user` WHERE ( id= 3 ) LIMIT 1   [ RunTime:0.0003s ]
SQL: SELECT * FROM `sp_user` WHERE ( token= 'BJmIbH58eAB29PcI' and deadline > 1524283952 ) LIMIT 1   [ RunTime:0.0003s ]

[ 2018-04-21T12:12:33+08:00 ] ::1 /OA/interface.php/V1/modifyPassword
SQL: SHOW COLUMNS FROM `sp_user` [ RunTime:0.0004s ]
SQL: SELECT * FROM `sp_user` WHERE ( id= 3 ) LIMIT 1   [ RunTime:0.0003s ]
SQL: SELECT * FROM `sp_user` WHERE ( token= 'BJmIbH58eAB29PcI' and deadline > 1524283953 ) LIMIT 1   [ RunTime:0.0002s ]

[ 2018-04-21T12:12:33+08:00 ] ::1 /OA/interface.php/V1/modifyPassword
SQL: SHOW COLUMNS FROM `sp_user` [ RunTime:0.0005s ]
SQL: SELECT * FROM `sp_user` WHERE ( id= 3 ) LIMIT 1   [ RunTime:0.0004s ]
SQL: SELECT * FROM `sp_user` WHERE ( token= 'BJmIbH58eAB29PcI' and deadline > 1524283953 ) LIMIT 1   [ RunTime:0.0009s ]

[ 2018-04-21T12:12:33+08:00 ] ::1 /OA/interface.php/V1/modifyPassword
SQL: SHOW COLUMNS FROM `sp_user` [ RunTime:0.0004s ]
SQL: SELECT * FROM `sp_user` WHERE ( id= 3 ) LIMIT 1   [ RunTime:0.0003s ]
SQL: SELECT * FROM `sp_user` WHERE ( token= 'BJmIbH58eAB29PcI' and deadline > 1524283953 ) LIMIT 1   [ RunTime:0.0002s ]

[ 2018-04-21T12:12:34+08:00 ] ::1 /OA/interface.php/V1/modifyPassword
SQL: SHOW COLUMNS FROM `sp_user` [ RunTime:0.0008s ]
SQL: SELECT * FROM `sp_user` WHERE ( id= 3 ) LIMIT 1   [ RunTime:0.0007s ]
SQL: SELECT * FROM `sp_user` WHERE ( token= 'BJmIbH58eAB29PcI' and deadline > 1524283954 ) LIMIT 1   [ RunTime:0.0004s ]

[ 2018-04-21T12:12:34+08:00 ] ::1 /OA/interface.php/V1/modifyPassword
SQL: SHOW COLUMNS FROM `sp_user` [ RunTime:0.0008s ]
SQL: SELECT * FROM `sp_user` WHERE ( id= 3 ) LIMIT 1   [ RunTime:0.0005s ]
SQL: SELECT * FROM `sp_user` WHERE ( token= 'BJmIbH58eAB29PcI' and deadline > 1524283954 ) LIMIT 1   [ RunTime:0.0005s ]

[ 2018-04-21T12:12:34+08:00 ] ::1 /OA/interface.php/V1/modifyPassword
SQL: SHOW COLUMNS FROM `sp_user` [ RunTime:0.0005s ]
SQL: SELECT * FROM `sp_user` WHERE ( id= 3 ) LIMIT 1   [ RunTime:0.0003s ]
SQL: SELECT * FROM `sp_user` WHERE ( token= 'BJmIbH58eAB29PcI' and deadline > 1524283954 ) LIMIT 1   [ RunTime:0.0002s ]

[ 2018-04-21T12:12:34+08:00 ] ::1 /OA/interface.php/V1/modifyPassword
SQL: SHOW COLUMNS FROM `sp_user` [ RunTime:0.0005s ]
SQL: SELECT * FROM `sp_user` WHERE ( id= 3 ) LIMIT 1   [ RunTime:0.0004s ]
SQL: SELECT * FROM `sp_user` WHERE ( token= 'BJmIbH58eAB29PcI' and deadline > 1524283954 ) LIMIT 1   [ RunTime:0.0003s ]

[ 2018-04-21T12:12:35+08:00 ] ::1 /OA/interface.php/V1/modifyPassword
SQL: SHOW COLUMNS FROM `sp_user` [ RunTime:0.0006s ]
SQL: SELECT * FROM `sp_user` WHERE ( id= 3 ) LIMIT 1   [ RunTime:0.0003s ]
SQL: SELECT * FROM `sp_user` WHERE ( token= 'BJmIbH58eAB29PcI' and deadline > 1524283955 ) LIMIT 1   [ RunTime:0.0004s ]

[ 2018-04-21T12:12:38+08:00 ] ::1 /OA/interface.php/V1/modifyPassword
SQL: SHOW COLUMNS FROM `sp_user` [ RunTime:0.0005s ]
SQL: SELECT * FROM `sp_user` WHERE ( id= 3 ) LIMIT 1   [ RunTime:0.0006s ]
SQL: SELECT * FROM `sp_user` WHERE ( token= 'BJmIbH58eAB29PcI' and deadline > 1524283958 ) LIMIT 1   [ RunTime:0.0005s ]

[ 2018-04-21T12:12:39+08:00 ] ::1 /OA/interface.php/V1/modifyPassword
SQL: SHOW COLUMNS FROM `sp_user` [ RunTime:0.0005s ]
SQL: SELECT * FROM `sp_user` WHERE ( id= 3 ) LIMIT 1   [ RunTime:0.0003s ]
SQL: SELECT * FROM `sp_user` WHERE ( token= 'BJmIbH58eAB29PcI' and deadline > 1524283959 ) LIMIT 1   [ RunTime:0.0002s ]

[ 2018-04-21T12:12:39+08:00 ] ::1 /OA/interface.php/V1/modifyPassword
SQL: SHOW COLUMNS FROM `sp_user` [ RunTime:0.0005s ]
SQL: SELECT * FROM `sp_user` WHERE ( id= 3 ) LIMIT 1   [ RunTime:0.0003s ]
SQL: SELECT * FROM `sp_user` WHERE ( token= 'BJmIbH58eAB29PcI' and deadline > 1524283959 ) LIMIT 1   [ RunTime:0.0002s ]

[ 2018-04-21T12:12:39+08:00 ] ::1 /OA/interface.php/V1/modifyPassword
SQL: SHOW COLUMNS FROM `sp_user` [ RunTime:0.0005s ]
SQL: SELECT * FROM `sp_user` WHERE ( id= 3 ) LIMIT 1   [ RunTime:0.0004s ]
SQL: SELECT * FROM `sp_user` WHERE ( token= 'BJmIbH58eAB29PcI' and deadline > 1524283959 ) LIMIT 1   [ RunTime:0.0002s ]

[ 2018-04-21T12:12:40+08:00 ] ::1 /OA/interface.php/V1/modifyPassword
SQL: SHOW COLUMNS FROM `sp_user` [ RunTime:0.0005s ]
SQL: SELECT * FROM `sp_user` WHERE ( id= 3 ) LIMIT 1   [ RunTime:0.0003s ]
SQL: SELECT * FROM `sp_user` WHERE ( token= 'BJmIbH58eAB29PcI' and deadline > 1524283960 ) LIMIT 1   [ RunTime:0.0003s ]

[ 2018-04-21T12:12:40+08:00 ] ::1 /OA/interface.php/V1/modifyPassword
SQL: SHOW COLUMNS FROM `sp_user` [ RunTime:0.0005s ]
SQL: SELECT * FROM `sp_user` WHERE ( id= 3 ) LIMIT 1   [ RunTime:0.0003s ]
SQL: SELECT * FROM `sp_user` WHERE ( token= 'BJmIbH58eAB29PcI' and deadline > 1524283960 ) LIMIT 1   [ RunTime:0.0002s ]

[ 2018-04-21T12:12:40+08:00 ] ::1 /OA/interface.php/V1/modifyPassword
SQL: SHOW COLUMNS FROM `sp_user` [ RunTime:0.0005s ]
SQL: SELECT * FROM `sp_user` WHERE ( id= 3 ) LIMIT 1   [ RunTime:0.0003s ]
SQL: SELECT * FROM `sp_user` WHERE ( token= 'BJmIbH58eAB29PcI' and deadline > 1524283960 ) LIMIT 1   [ RunTime:0.0003s ]

[ 2018-04-21T12:12:41+08:00 ] ::1 /OA/interface.php/V1/modifyPassword
SQL: SHOW COLUMNS FROM `sp_user` [ RunTime:0.0005s ]
SQL: SELECT * FROM `sp_user` WHERE ( id= 3 ) LIMIT 1   [ RunTime:0.0004s ]
SQL: SELECT * FROM `sp_user` WHERE ( token= 'BJmIbH58eAB29PcI' and deadline > 1524283961 ) LIMIT 1   [ RunTime:0.0003s ]

[ 2018-04-21T12:12:42+08:00 ] ::1 /OA/interface.php/V1/modifyPassword
SQL: SHOW COLUMNS FROM `sp_user` [ RunTime:0.0005s ]
SQL: SELECT * FROM `sp_user` WHERE ( id= 3 ) LIMIT 1   [ RunTime:0.0003s ]
SQL: SELECT * FROM `sp_user` WHERE ( token= 'BJmIbH58eAB29PcI' and deadline > 1524283962 ) LIMIT 1   [ RunTime:0.0002s ]

[ 2018-04-21T12:13:20+08:00 ] ::1 /OA/interface.php/V1/modifyPassword
SQL: SHOW COLUMNS FROM `sp_user` [ RunTime:0.0005s ]
SQL: SELECT * FROM `sp_user` WHERE ( id= 3 ) LIMIT 1   [ RunTime:0.0003s ]
SQL: SELECT * FROM `sp_user` WHERE ( token= 'BJmIbH58eAB29PcI' and deadline > 1524284000 ) LIMIT 1   [ RunTime:0.0002s ]

[ 2018-04-21T12:15:16+08:00 ] ::1 /OA/interface.php/V1/login
SQL: SHOW COLUMNS FROM `sp_user` [ RunTime:0.0005s ]
SQL: SELECT `username`,`nickname`,`truename`,`id`,`tel`,`birthday`,`sex`,`role_id` FROM `sp_user` WHERE `username` = '18775134221' AND `password` = 'e10adc3949ba59abbe56e057f20f883e' LIMIT 1   [ RunTime:0.0003s ]
SQL: UPDATE `sp_user` SET `deadline`='1524888916',`token`='4Dqz5tIIUbXrAYlu',`client_ip`='0.0.0.0' WHERE ( id=3 ) [ RunTime:0.0018s ]

[ 2018-04-21T12:21:44+08:00 ] ::1 /OA/interface.php/V1/login
SQL: SHOW COLUMNS FROM `sp_user` [ RunTime:0.0006s ]
SQL: SELECT `username`,`nickname`,`truename`,`id`,`tel`,`birthday`,`sex`,`role_id` FROM `sp_user` WHERE `username` = '18775134221' AND `password` = 'e10adc3949ba59abbe56e057f20f883e' LIMIT 1   [ RunTime:0.0003s ]
SQL: UPDATE `sp_user` SET `deadline`='1524889304',`token`='fw1tSNkKnuWl7XPb',`client_ip`='0.0.0.0' WHERE ( id=3 ) [ RunTime:0.0017s ]

[ 2018-04-21T12:21:47+08:00 ] ::1 /OA/interface.php/V1/modifyPassword
SQL: SHOW COLUMNS FROM `sp_user` [ RunTime:0.0005s ]
SQL: SELECT * FROM `sp_user` WHERE ( id= 3 ) LIMIT 1   [ RunTime:0.0003s ]
SQL: SELECT * FROM `sp_user` WHERE ( token= 'BJmIbH58eAB29PcI' and deadline > 1524284507 ) LIMIT 1   [ RunTime:0.0002s ]

[ 2018-04-21T12:22:23+08:00 ] ::1 /OA/interface.php/V1/modifyPassword
SQL: SHOW COLUMNS FROM `sp_user` [ RunTime:0.0005s ]
SQL: SELECT * FROM `sp_user` WHERE ( id= 3 ) LIMIT 1   [ RunTime:0.0003s ]
SQL: SELECT * FROM `sp_user` WHERE ( token= 'BJmIbH58eAB29PcI' and deadline > 1524284543 ) LIMIT 1   [ RunTime:0.0002s ]
NOTIC: [8] Undefined variable: userId /Library/WebServer/Documents/OA/Interface/V1/Controller/PublicController.class.php 第 31 行.

[ 2018-04-21T12:23:53+08:00 ] ::1 /OA/interface.php/V1/modifyPassword
SQL: SHOW COLUMNS FROM `sp_user` [ RunTime:0.0006s ]
SQL: SELECT * FROM `sp_user` WHERE ( id= 3 ) LIMIT 1   [ RunTime:0.0003s ]
SQL: SELECT * FROM `sp_user` WHERE ( token= 'BJmIbH58eAB29PcI' and deadline > 1524284633 ) LIMIT 1   [ RunTime:0.0002s ]
NOTIC: [8] Undefined variable: userId /Library/WebServer/Documents/OA/Interface/V1/Controller/PublicController.class.php 第 31 行.

[ 2018-04-21T12:24:27+08:00 ] ::1 /OA/interface.php/V1/modifyPassword
SQL: SHOW COLUMNS FROM `sp_user` [ RunTime:0.0006s ]
SQL: SELECT * FROM `sp_user` WHERE ( id= 3 ) LIMIT 1   [ RunTime:0.0004s ]
SQL: SELECT * FROM `sp_user` WHERE ( token= 'BJmIbH58eAB29PcI' and deadline > 1524284667 ) LIMIT 1   [ RunTime:0.0003s ]
NOTIC: [8] Undefined variable: userId /Library/WebServer/Documents/OA/Interface/V1/Controller/PublicController.class.php 第 31 行.

[ 2018-04-21T12:25:16+08:00 ] ::1 /OA/interface.php/V1/modifyPassword
SQL: SHOW COLUMNS FROM `sp_user` [ RunTime:0.0005s ]
SQL: SELECT * FROM `sp_user` WHERE ( id= 3 ) LIMIT 1   [ RunTime:0.0003s ]
SQL: SELECT * FROM `sp_user` WHERE ( token= 'BJmIbH58eAB29PcI' and deadline > 1524284716 ) LIMIT 1   [ RunTime:0.0002s ]
NOTIC: [8] Undefined variable: userId /Library/WebServer/Documents/OA/Interface/V1/Controller/PublicController.class.php 第 31 行.

[ 2018-04-21T12:25:47+08:00 ] ::1 /OA/interface.php/V1/modifyPassword
SQL: SHOW COLUMNS FROM `sp_user` [ RunTime:0.0006s ]
SQL: SELECT * FROM `sp_user` WHERE ( id= 3 ) LIMIT 1   [ RunTime:0.0003s ]
SQL: SELECT * FROM `sp_user` WHERE ( token= 'BJmIbH58eAB29PcI' and deadline > 1524284747 ) LIMIT 1   [ RunTime:0.0002s ]
NOTIC: [8] Undefined variable: userId /Library/WebServer/Documents/OA/Interface/V1/Controller/PublicController.class.php 第 30 行.

[ 2018-04-21T12:25:52+08:00 ] ::1 /OA/interface.php/V1/modifyPassword
SQL: SHOW COLUMNS FROM `sp_user` [ RunTime:0.0005s ]
SQL: SELECT * FROM `sp_user` WHERE ( id= 3 ) LIMIT 1   [ RunTime:0.0004s ]
SQL: SELECT * FROM `sp_user` WHERE ( token= 'BJmIbH58eAB29PcI' and deadline > 1524284752 ) LIMIT 1   [ RunTime:0.0002s ]
NOTIC: [8] Undefined variable: userId /Library/WebServer/Documents/OA/Interface/V1/Controller/PublicController.class.php 第 30 行.

[ 2018-04-21T12:25:57+08:00 ] ::1 /OA/interface.php/V1/login
SQL: SHOW COLUMNS FROM `sp_user` [ RunTime:0.0007s ]
SQL: SELECT `username`,`nickname`,`truename`,`id`,`tel`,`birthday`,`sex`,`role_id` FROM `sp_user` WHERE `username` = '18775134221' AND `password` = 'e10adc3949ba59abbe56e057f20f883e' LIMIT 1   [ RunTime:0.0008s ]
SQL: UPDATE `sp_user` SET `deadline`='1524889557',`token`='3LNroUwKyJuM4FvO',`client_ip`='0.0.0.0' WHERE ( id=3 ) [ RunTime:0.0019s ]

[ 2018-04-21T12:25:59+08:00 ] ::1 /OA/interface.php/V1/modifyPassword
SQL: SHOW COLUMNS FROM `sp_user` [ RunTime:0.0007s ]
SQL: SELECT * FROM `sp_user` WHERE ( id= 3 ) LIMIT 1   [ RunTime:0.0004s ]
SQL: SELECT * FROM `sp_user` WHERE ( token= 'BJmIbH58eAB29PcI' and deadline > 1524284759 ) LIMIT 1   [ RunTime:0.0003s ]
NOTIC: [8] Undefined variable: userId /Library/WebServer/Documents/OA/Interface/V1/Controller/PublicController.class.php 第 30 行.

[ 2018-04-21T12:26:23+08:00 ] ::1 /OA/interface.php/V1/modifyPassword
SQL: SHOW COLUMNS FROM `sp_user` [ RunTime:0.0005s ]
SQL: SELECT * FROM `sp_user` WHERE ( id= 3 ) LIMIT 1   [ RunTime:0.0003s ]
SQL: SELECT * FROM `sp_user` WHERE ( token= 'BJmIbH58eAB29PcI' and deadline > 1524284783 ) LIMIT 1   [ RunTime:0.0002s ]
NOTIC: [8] Undefined variable: userId /Library/WebServer/Documents/OA/Interface/V1/Controller/PublicController.class.php 第 30 行.

[ 2018-04-21T12:27:33+08:00 ] ::1 /OA/interface.php/V1/modifyPassword
SQL: SHOW COLUMNS FROM `sp_user` [ RunTime:0.0006s ]
SQL: SELECT * FROM `sp_user` WHERE ( id= 3 ) LIMIT 1   [ RunTime:0.0003s ]
SQL: SELECT * FROM `sp_user` WHERE ( token= 'BJmIbH58eAB29PcI' and deadline > 1524284853 ) LIMIT 1   [ RunTime:0.0002s ]

[ 2018-04-21T12:33:10+08:00 ] ::1 /OA/interface.php/V1/modifyPassword
SQL: SHOW COLUMNS FROM `sp_user` [ RunTime:0.0005s ]
SQL: SELECT * FROM `sp_user` WHERE ( token= 'BJmIbH58eAB29PcI' and deadline > 1524285190 ) LIMIT 1   [ RunTime:0.0003s ]
ERR: 1054:Unknown column 'e10adc3949ba59abbe56e057f20f883e' in 'where clause'
 [ SQL语句 ] : SELECT * FROM `sp_user` WHERE ( id= '3' and password =e10adc3949ba59abbe56e057f20f883e ) LIMIT 1  
ERR: 1054:Unknown column 'e10adc3949ba59abbe56e057f20f883e' in 'where clause'
 [ SQL语句 ] : SELECT * FROM `sp_user` WHERE ( id= '3' and password =e10adc3949ba59abbe56e057f20f883e ) LIMIT 1  

[ 2018-04-21T12:33:52+08:00 ] ::1 /OA/interface.php/V1/modifyPassword
SQL: SHOW COLUMNS FROM `sp_user` [ RunTime:0.0005s ]
SQL: SELECT * FROM `sp_user` WHERE ( token= 'BJmIbH58eAB29PcI' and deadline > 1524285232 ) LIMIT 1   [ RunTime:0.0003s ]
SQL: SELECT * FROM `sp_user` WHERE ( id= '3' and password='e10adc3949ba59abbe56e057f20f883e' ) LIMIT 1   [ RunTime:0.0015s ]
NOTIC: [8] Undefined variable: password /Library/WebServer/Documents/OA/Interface/V1/Controller/PublicController.class.php 第 35 行.

[ 2018-04-21T12:35:04+08:00 ] ::1 /OA/interface.php/V1/modifyPassword
SQL: SHOW COLUMNS FROM `sp_user` [ RunTime:0.0006s ]
SQL: SELECT * FROM `sp_user` WHERE ( token= 'BJmIbH58eAB29PcI' and deadline > '1524285304' ) LIMIT 1   [ RunTime:0.0004s ]

[ 2018-04-21T12:35:06+08:00 ] ::1 /OA/interface.php/V1/modifyPassword
SQL: SHOW COLUMNS FROM `sp_user` [ RunTime:0.0012s ]
SQL: SELECT * FROM `sp_user` WHERE ( token= 'BJmIbH58eAB29PcI' and deadline > '1524285306' ) LIMIT 1   [ RunTime:0.0003s ]

[ 2018-04-21T12:35:06+08:00 ] ::1 /OA/interface.php/V1/modifyPassword
SQL: SHOW COLUMNS FROM `sp_user` [ RunTime:0.0005s ]
SQL: SELECT * FROM `sp_user` WHERE ( token= 'BJmIbH58eAB29PcI' and deadline > '1524285306' ) LIMIT 1   [ RunTime:0.0003s ]

[ 2018-04-21T12:35:07+08:00 ] ::1 /OA/interface.php/V1/modifyPassword
SQL: SHOW COLUMNS FROM `sp_user` [ RunTime:0.0005s ]
SQL: SELECT * FROM `sp_user` WHERE ( token= 'BJmIbH58eAB29PcI' and deadline > '1524285307' ) LIMIT 1   [ RunTime:0.0004s ]

[ 2018-04-21T12:35:07+08:00 ] ::1 /OA/interface.php/V1/modifyPassword
SQL: SHOW COLUMNS FROM `sp_user` [ RunTime:0.0005s ]
SQL: SELECT * FROM `sp_user` WHERE ( token= 'BJmIbH58eAB29PcI' and deadline > '1524285307' ) LIMIT 1   [ RunTime:0.0004s ]

[ 2018-04-21T12:35:07+08:00 ] ::1 /OA/interface.php/V1/modifyPassword
SQL: SHOW COLUMNS FROM `sp_user` [ RunTime:0.0005s ]
SQL: SELECT * FROM `sp_user` WHERE ( token= 'BJmIbH58eAB29PcI' and deadline > '1524285307' ) LIMIT 1   [ RunTime:0.0003s ]

[ 2018-04-21T12:35:07+08:00 ] ::1 /OA/interface.php/V1/modifyPassword
SQL: SHOW COLUMNS FROM `sp_user` [ RunTime:0.0005s ]
SQL: SELECT * FROM `sp_user` WHERE ( token= 'BJmIbH58eAB29PcI' and deadline > '1524285307' ) LIMIT 1   [ RunTime:0.0007s ]

[ 2018-04-21T12:35:08+08:00 ] ::1 /OA/interface.php/V1/modifyPassword
SQL: SHOW COLUMNS FROM `sp_user` [ RunTime:0.0005s ]
SQL: SELECT * FROM `sp_user` WHERE ( token= 'BJmIbH58eAB29PcI' and deadline > '1524285308' ) LIMIT 1   [ RunTime:0.0003s ]

[ 2018-04-21T12:35:08+08:00 ] ::1 /OA/interface.php/V1/modifyPassword
SQL: SHOW COLUMNS FROM `sp_user` [ RunTime:0.0007s ]
SQL: SELECT * FROM `sp_user` WHERE ( token= 'BJmIbH58eAB29PcI' and deadline > '1524285308' ) LIMIT 1   [ RunTime:0.0003s ]

[ 2018-04-21T12:36:57+08:00 ] ::1 /OA/interface.php/V1/modifyPassword
SQL: SHOW COLUMNS FROM `sp_user` [ RunTime:0.0005s ]
SQL: SELECT * FROM `sp_user` WHERE ( token='BJmIbH58eAB29PcI' and deadline>1524285417 ) LIMIT 1   [ RunTime:0.0003s ]

[ 2018-04-21T12:36:59+08:00 ] ::1 /OA/interface.php/V1/modifyPassword
SQL: SHOW COLUMNS FROM `sp_user` [ RunTime:0.0005s ]
SQL: SELECT * FROM `sp_user` WHERE ( token='BJmIbH58eAB29PcI' and deadline>1524285419 ) LIMIT 1   [ RunTime:0.0007s ]

[ 2018-04-21T12:36:59+08:00 ] ::1 /OA/interface.php/V1/modifyPassword
SQL: SHOW COLUMNS FROM `sp_user` [ RunTime:0.0005s ]
SQL: SELECT * FROM `sp_user` WHERE ( token='BJmIbH58eAB29PcI' and deadline>1524285419 ) LIMIT 1   [ RunTime:0.0003s ]

[ 2018-04-21T12:36:59+08:00 ] ::1 /OA/interface.php/V1/modifyPassword
SQL: SHOW COLUMNS FROM `sp_user` [ RunTime:0.0005s ]
SQL: SELECT * FROM `sp_user` WHERE ( token='BJmIbH58eAB29PcI' and deadline>1524285419 ) LIMIT 1   [ RunTime:0.0003s ]

[ 2018-04-21T12:37:00+08:00 ] ::1 /OA/interface.php/V1/modifyPassword
SQL: SHOW COLUMNS FROM `sp_user` [ RunTime:0.0006s ]
SQL: SELECT * FROM `sp_user` WHERE ( token='BJmIbH58eAB29PcI' and deadline>1524285420 ) LIMIT 1   [ RunTime:0.0003s ]

[ 2018-04-21T12:37:00+08:00 ] ::1 /OA/interface.php/V1/modifyPassword
SQL: SHOW COLUMNS FROM `sp_user` [ RunTime:0.0005s ]
SQL: SELECT * FROM `sp_user` WHERE ( token='BJmIbH58eAB29PcI' and deadline>1524285420 ) LIMIT 1   [ RunTime:0.0003s ]

[ 2018-04-21T12:37:00+08:00 ] ::1 /OA/interface.php/V1/modifyPassword
SQL: SHOW COLUMNS FROM `sp_user` [ RunTime:0.0013s ]
SQL: SELECT * FROM `sp_user` WHERE ( token='BJmIbH58eAB29PcI' and deadline>1524285420 ) LIMIT 1   [ RunTime:0.0008s ]

[ 2018-04-21T12:37:00+08:00 ] ::1 /OA/interface.php/V1/modifyPassword
SQL: SHOW COLUMNS FROM `sp_user` [ RunTime:0.0005s ]
SQL: SELECT * FROM `sp_user` WHERE ( token='BJmIbH58eAB29PcI' and deadline>1524285420 ) LIMIT 1   [ RunTime:0.0003s ]

[ 2018-04-21T12:37:01+08:00 ] ::1 /OA/interface.php/V1/modifyPassword
SQL: SHOW COLUMNS FROM `sp_user` [ RunTime:0.0008s ]
SQL: SELECT * FROM `sp_user` WHERE ( token='BJmIbH58eAB29PcI' and deadline>1524285421 ) LIMIT 1   [ RunTime:0.0003s ]

[ 2018-04-21T12:37:01+08:00 ] ::1 /OA/interface.php/V1/modifyPassword
SQL: SHOW COLUMNS FROM `sp_user` [ RunTime:0.0005s ]
SQL: SELECT * FROM `sp_user` WHERE ( token='BJmIbH58eAB29PcI' and deadline>1524285421 ) LIMIT 1   [ RunTime:0.0003s ]

[ 2018-04-21T12:40:00+08:00 ] ::1 /OA/interface.php/V1/modifyPassword
SQL: SHOW COLUMNS FROM `sp_user` [ RunTime:0.0007s ]
SQL: SELECT * FROM `sp_user` WHERE ( token='3LNroUwKyJuM4FvO' and deadline>1524285600 ) LIMIT 1   [ RunTime:0.0006s ]
SQL: SELECT * FROM `sp_user` WHERE ( id= '3' and password='e10adc3949ba59abbe56e057f20f883e' ) LIMIT 1   [ RunTime:0.0003s ]
NOTIC: [8] Undefined variable: password /Library/WebServer/Documents/OA/Interface/V1/Controller/PublicController.class.php 第 35 行.

[ 2018-04-21T12:53:26+08:00 ] ::1 /OA/interface.php/V1/dept
NOTIC: [8] Undefined index: HTTP_LOGINTOKEN /Library/WebServer/Documents/OA/Interface/Common/Controller/ApiController.class.php 第 20 行.
SQL: SHOW COLUMNS FROM `sp_user` [ RunTime:0.0004s ]
SQL: SELECT * FROM `sp_user` WHERE ( token='' and deadline>1524286406 ) LIMIT 1   [ RunTime:0.0003s ]

[ 2018-04-21T12:53:38+08:00 ] ::1 /OA/interface.php/V1/dept
NOTIC: [8] Undefined index: HTTP_LOGINTOKEN /Library/WebServer/Documents/OA/Interface/Common/Controller/ApiController.class.php 第 20 行.
SQL: SHOW COLUMNS FROM `sp_user` [ RunTime:0.0005s ]
SQL: SELECT * FROM `sp_user` WHERE ( token='' and deadline>1524286418 ) LIMIT 1   [ RunTime:0.0008s ]

[ 2018-04-21T12:54:05+08:00 ] ::1 /OA/interface.php/V1/login
SQL: SHOW COLUMNS FROM `sp_user` [ RunTime:0.0004s ]
SQL: SELECT `username`,`nickname`,`truename`,`id`,`tel`,`birthday`,`sex`,`role_id`,`token` FROM `sp_user` WHERE `username` = '18775134221' AND `password` = 'e10adc3949ba59abbe56e057f20f883e' LIMIT 1   [ RunTime:0.0003s ]
SQL: UPDATE `sp_user` SET `deadline`='1524891245',`token`='DuP3u7fKfkxRWrcS',`client_ip`='0.0.0.0' WHERE ( id=3 ) [ RunTime:0.0013s ]

[ 2018-04-21T12:54:26+08:00 ] ::1 /OA/interface.php/V1/dept
NOTIC: [8] Undefined index: HTTP_LOGINTOKEN /Library/WebServer/Documents/OA/Interface/Common/Controller/ApiController.class.php 第 20 行.
SQL: SHOW COLUMNS FROM `sp_user` [ RunTime:0.0005s ]
SQL: SELECT * FROM `sp_user` WHERE ( token='' and deadline>1524286466 ) LIMIT 1   [ RunTime:0.0003s ]

[ 2018-04-21T12:54:28+08:00 ] ::1 /OA/interface.php/V1/dept
NOTIC: [8] Undefined index: HTTP_LOGINTOKEN /Library/WebServer/Documents/OA/Interface/Common/Controller/ApiController.class.php 第 20 行.
SQL: SHOW COLUMNS FROM `sp_user` [ RunTime:0.0008s ]
SQL: SELECT * FROM `sp_user` WHERE ( token='' and deadline>1524286468 ) LIMIT 1   [ RunTime:0.0005s ]

[ 2018-04-21T12:54:34+08:00 ] ::1 /OA/interface.php/V1/dept
SQL: SHOW COLUMNS FROM `sp_user` [ RunTime:0.0013s ]
SQL: SELECT * FROM `sp_user` WHERE ( token='DuP3u7fKfkxRWrcS' and deadline>1524286474 ) LIMIT 1   [ RunTime:0.0007s ]
NOTIC: [8] Undefined index: userId /Library/WebServer/Documents/OA/Interface/V1/Controller/PublicController.class.php 第 61 行.
NOTIC: [8] Undefined index: pageIndex /Library/WebServer/Documents/OA/Interface/V1/Controller/PublicController.class.php 第 62 行.
NOTIC: [8] Undefined index: pageSize /Library/WebServer/Documents/OA/Interface/V1/Controller/PublicController.class.php 第 63 行.
SQL: SHOW COLUMNS FROM `sp_dept` [ RunTime:0.0008s ]
SQL: SELECT * FROM `sp_dept`  [ RunTime:0.0004s ]

[ 2018-04-21T12:58:24+08:00 ] ::1 /OA/interface.php/V1/dept
SQL: SHOW COLUMNS FROM `sp_user` [ RunTime:0.0005s ]
SQL: SELECT * FROM `sp_user` WHERE ( token='DuP3u7fKfkxRWrcS' and deadline>1524286704 ) LIMIT 1   [ RunTime:0.0003s ]
NOTIC: [8] Undefined index: userId /Library/WebServer/Documents/OA/Interface/V1/Controller/PublicController.class.php 第 61 行.
NOTIC: [8] Undefined index: pageIndex /Library/WebServer/Documents/OA/Interface/V1/Controller/PublicController.class.php 第 62 行.
NOTIC: [8] Undefined index: pageSize /Library/WebServer/Documents/OA/Interface/V1/Controller/PublicController.class.php 第 63 行.
SQL: SHOW COLUMNS FROM `sp_dept` [ RunTime:0.0004s ]
ERR: 1066:Not unique table/alias: 't2'
 [ SQL语句 ] : SELECT t1.*,t2.name as departname FROM sp_dept as t1,sp_dept as t2 left join t2 on t1.id=t2.pid  
ERR: 1066:Not unique table/alias: 't2'
 [ SQL语句 ] : SELECT t1.*,t2.name as departname FROM sp_dept as t1,sp_dept as t2 left join t2 on t1.id=t2.pid  

[ 2018-04-21T13:00:55+08:00 ] ::1 /OA/interface.php/V1/dept
SQL: SHOW COLUMNS FROM `sp_user` [ RunTime:0.0005s ]
SQL: SELECT * FROM `sp_user` WHERE ( token='DuP3u7fKfkxRWrcS' and deadline>1524286855 ) LIMIT 1   [ RunTime:0.0003s ]
NOTIC: [8] Undefined index: userId /Library/WebServer/Documents/OA/Interface/V1/Controller/PublicController.class.php 第 61 行.
NOTIC: [8] Undefined index: pageIndex /Library/WebServer/Documents/OA/Interface/V1/Controller/PublicController.class.php 第 62 行.
NOTIC: [8] Undefined index: pageSize /Library/WebServer/Documents/OA/Interface/V1/Controller/PublicController.class.php 第 63 行.
SQL: SHOW COLUMNS FROM `sp_dept` [ RunTime:0.0004s ]
ERR: 1066:Not unique table/alias: 't2'
 [ SQL语句 ] : SELECT t1.*,t2.name as departname FROM sp_dept as t1,sp_dept as t2 left join t2 on t1.pid=t2.id  
ERR: 1066:Not unique table/alias: 't2'
 [ SQL语句 ] : SELECT t1.*,t2.name as departname FROM sp_dept as t1,sp_dept as t2 left join t2 on t1.pid=t2.id  

[ 2018-04-21T13:01:28+08:00 ] ::1 /OA/interface.php/V1/dept
SQL: SHOW COLUMNS FROM `sp_user` [ RunTime:0.0007s ]
SQL: SELECT * FROM `sp_user` WHERE ( token='DuP3u7fKfkxRWrcS' and deadline>1524286888 ) LIMIT 1   [ RunTime:0.0005s ]
NOTIC: [8] Undefined index: userId /Library/WebServer/Documents/OA/Interface/V1/Controller/PublicController.class.php 第 61 行.
NOTIC: [8] Undefined index: pageIndex /Library/WebServer/Documents/OA/Interface/V1/Controller/PublicController.class.php 第 62 行.
NOTIC: [8] Undefined index: pageSize /Library/WebServer/Documents/OA/Interface/V1/Controller/PublicController.class.php 第 63 行.
SQL: SHOW COLUMNS FROM `sp_dept` [ RunTime:0.0004s ]
ERR: 1066:Not unique table/alias: 't2'
 [ SQL语句 ] : SELECT t1.*,t2.name as departname FROM sp_dept as t1,sp_dept as t2 left join sp_dept as t2 on t1.pid=t2.id  
ERR: 1066:Not unique table/alias: 't2'
 [ SQL语句 ] : SELECT t1.*,t2.name as departname FROM sp_dept as t1,sp_dept as t2 left join sp_dept as t2 on t1.pid=t2.id  

[ 2018-04-21T13:01:58+08:00 ] ::1 /OA/interface.php/V1/dept
SQL: SHOW COLUMNS FROM `sp_user` [ RunTime:0.0006s ]
SQL: SELECT * FROM `sp_user` WHERE ( token='DuP3u7fKfkxRWrcS' and deadline>1524286918 ) LIMIT 1   [ RunTime:0.0004s ]
NOTIC: [8] Undefined index: userId /Library/WebServer/Documents/OA/Interface/V1/Controller/PublicController.class.php 第 61 行.
NOTIC: [8] Undefined index: pageIndex /Library/WebServer/Documents/OA/Interface/V1/Controller/PublicController.class.php 第 62 行.
NOTIC: [8] Undefined index: pageSize /Library/WebServer/Documents/OA/Interface/V1/Controller/PublicController.class.php 第 63 行.
SQL: SHOW COLUMNS FROM `sp_dept` [ RunTime:0.0004s ]
ERR: 1066:Not unique table/alias: 't2'
 [ SQL语句 ] : SELECT t1.*,t2.name as departname FROM sp_dept as t1,sp_dept as t2 left join t2 on t1.pid=t2.id  
ERR: 1066:Not unique table/alias: 't2'
 [ SQL语句 ] : SELECT t1.*,t2.name as departname FROM sp_dept as t1,sp_dept as t2 left join t2 on t1.pid=t2.id  

[ 2018-04-21T13:02:36+08:00 ] ::1 /OA/interface.php/V1/dept
SQL: SHOW COLUMNS FROM `sp_user` [ RunTime:0.0005s ]
SQL: SELECT * FROM `sp_user` WHERE ( token='DuP3u7fKfkxRWrcS' and deadline>1524286956 ) LIMIT 1   [ RunTime:0.0003s ]
NOTIC: [8] Undefined index: userId /Library/WebServer/Documents/OA/Interface/V1/Controller/PublicController.class.php 第 61 行.
NOTIC: [8] Undefined index: pageIndex /Library/WebServer/Documents/OA/Interface/V1/Controller/PublicController.class.php 第 62 行.
NOTIC: [8] Undefined index: pageSize /Library/WebServer/Documents/OA/Interface/V1/Controller/PublicController.class.php 第 63 行.
SQL: SHOW COLUMNS FROM `sp_dept` [ RunTime:0.0004s ]
ERR: 1066:Not unique table/alias: 't2'
 [ SQL语句 ] : SELECT t1.*,t2.name as departname FROM sp_dept as t1,sp_dept as t2 left join t2 on t1.pid=t2.id  
ERR: 1066:Not unique table/alias: 't2'
 [ SQL语句 ] : SELECT t1.*,t2.name as departname FROM sp_dept as t1,sp_dept as t2 left join t2 on t1.pid=t2.id  

[ 2018-04-21T13:03:11+08:00 ] ::1 /OA/interface.php/V1/dept
SQL: SHOW COLUMNS FROM `sp_user` [ RunTime:0.0005s ]
SQL: SELECT * FROM `sp_user` WHERE ( token='DuP3u7fKfkxRWrcS' and deadline>1524286991 ) LIMIT 1   [ RunTime:0.0004s ]
NOTIC: [8] Undefined index: userId /Library/WebServer/Documents/OA/Interface/V1/Controller/PublicController.class.php 第 61 行.
NOTIC: [8] Undefined index: pageIndex /Library/WebServer/Documents/OA/Interface/V1/Controller/PublicController.class.php 第 62 行.
NOTIC: [8] Undefined index: pageSize /Library/WebServer/Documents/OA/Interface/V1/Controller/PublicController.class.php 第 63 行.
SQL: SHOW COLUMNS FROM `sp_dept` [ RunTime:0.0004s ]
SQL: SELECT t1.*,t2.name as departname FROM sp_dept as t1 left join sp_dept as t2 on t1.pid=t2.id   [ RunTime:0.0003s ]

[ 2018-04-21T13:04:24+08:00 ] ::1 /OA/interface.php/V1/dept
SQL: SHOW COLUMNS FROM `sp_user` [ RunTime:0.0005s ]
SQL: SELECT * FROM `sp_user` WHERE ( token='DuP3u7fKfkxRWrcS' and deadline>1524287064 ) LIMIT 1   [ RunTime:0.0003s ]
NOTIC: [8] Undefined index: userId /Library/WebServer/Documents/OA/Interface/V1/Controller/PublicController.class.php 第 62 行.
NOTIC: [8] Undefined index: pageIndex /Library/WebServer/Documents/OA/Interface/V1/Controller/PublicController.class.php 第 63 行.
NOTIC: [8] Undefined index: pageSize /Library/WebServer/Documents/OA/Interface/V1/Controller/PublicController.class.php 第 64 行.
SQL: SHOW COLUMNS FROM `sp_dept` [ RunTime:0.0004s ]
SQL: SELECT t1.*,t2.name as departname FROM sp_dept as t1 left join sp_dept as t2 on t1.pid=t2.id   [ RunTime:0.0003s ]

[ 2018-04-21T13:06:13+08:00 ] ::1 /OA/interface.php/V1/dept
SQL: SHOW COLUMNS FROM `sp_user` [ RunTime:0.0005s ]
SQL: SELECT * FROM `sp_user` WHERE ( token='DuP3u7fKfkxRWrcS' and deadline>1524287173 ) LIMIT 1   [ RunTime:0.0003s ]
NOTIC: [8] Undefined index: userId /Library/WebServer/Documents/OA/Interface/V1/Controller/PublicController.class.php 第 62 行.
NOTIC: [8] Undefined index: pageIndex /Library/WebServer/Documents/OA/Interface/V1/Controller/PublicController.class.php 第 63 行.
NOTIC: [8] Undefined index: pageSize /Library/WebServer/Documents/OA/Interface/V1/Controller/PublicController.class.php 第 64 行.
SQL: SHOW COLUMNS FROM `sp_dept` [ RunTime:0.0004s ]
NOTIC: [2] Missing argument 1 for Think\Page::__construct(), called in /Library/WebServer/Documents/OA/Interface/V1/Controller/PublicController.class.php on line 67 and defined /Library/WebServer/Documents/ThinkPHP/Library/Think/Page.class.php 第 42 行.
NOTIC: [8] Undefined variable: totalRows /Library/WebServer/Documents/ThinkPHP/Library/Think/Page.class.php 第 45 行.
SQL: SELECT t1.*,t2.name as departname FROM sp_dept t1 left join sp_dept as t2 on t1.pid=t2.id   [ RunTime:0.0003s ]

[ 2018-04-21T13:14:37+08:00 ] ::1 /OA/interface.php/V1/dept
SQL: SHOW COLUMNS FROM `sp_user` [ RunTime:0.0005s ]
SQL: SELECT * FROM `sp_user` WHERE ( token='DuP3u7fKfkxRWrcS' and deadline>1524287677 ) LIMIT 1   [ RunTime:0.0003s ]
NOTIC: [8] Undefined index: userId /Library/WebServer/Documents/OA/Interface/V1/Controller/PublicController.class.php 第 61 行.
SQL: SHOW COLUMNS FROM `sp_dept` [ RunTime:0.0004s ]
SQL: SELECT t1.*,t2.name as departname FROM sp_dept t1 left join sp_dept as t2 on t1.pid=t2.id  LIMIT 0,1   [ RunTime:0.0003s ]

[ 2018-04-21T13:14:49+08:00 ] ::1 /OA/interface.php/V1/dept
SQL: SHOW COLUMNS FROM `sp_user` [ RunTime:0.0005s ]
SQL: SELECT * FROM `sp_user` WHERE ( token='DuP3u7fKfkxRWrcS' and deadline>1524287689 ) LIMIT 1   [ RunTime:0.0003s ]
NOTIC: [8] Undefined index: userId /Library/WebServer/Documents/OA/Interface/V1/Controller/PublicController.class.php 第 61 行.
SQL: SHOW COLUMNS FROM `sp_dept` [ RunTime:0.0004s ]
SQL: SELECT t1.*,t2.name as departname FROM sp_dept t1 left join sp_dept as t2 on t1.pid=t2.id  LIMIT 0,3   [ RunTime:0.0003s ]

[ 2018-04-21T13:14:58+08:00 ] ::1 /OA/interface.php/V1/dept
SQL: SHOW COLUMNS FROM `sp_user` [ RunTime:0.0006s ]
SQL: SELECT * FROM `sp_user` WHERE ( token='DuP3u7fKfkxRWrcS' and deadline>1524287698 ) LIMIT 1   [ RunTime:0.0004s ]
NOTIC: [8] Undefined index: userId /Library/WebServer/Documents/OA/Interface/V1/Controller/PublicController.class.php 第 61 行.
SQL: SHOW COLUMNS FROM `sp_dept` [ RunTime:0.0006s ]
SQL: SELECT t1.*,t2.name as departname FROM sp_dept t1 left join sp_dept as t2 on t1.pid=t2.id  LIMIT 0,3   [ RunTime:0.0004s ]

[ 2018-04-21T13:15:13+08:00 ] ::1 /OA/interface.php/V1/dept
SQL: SHOW COLUMNS FROM `sp_user` [ RunTime:0.0005s ]
SQL: SELECT * FROM `sp_user` WHERE ( token='DuP3u7fKfkxRWrcS' and deadline>1524287713 ) LIMIT 1   [ RunTime:0.0003s ]
NOTIC: [8] Undefined index: userId /Library/WebServer/Documents/OA/Interface/V1/Controller/PublicController.class.php 第 61 行.
SQL: SHOW COLUMNS FROM `sp_dept` [ RunTime:0.0004s ]
NOTIC: [8] Undefined index: limit /Library/WebServer/Documents/ThinkPHP/Library/Think/Db/Driver.class.php 第 961 行.
SQL: SELECT t1.*,t2.name as departname FROM sp_dept t1 left join sp_dept as t2 on t1.pid=t2.id  LIMIT 0,20   [ RunTime:0.0003s ]

[ 2018-04-21T13:15:26+08:00 ] ::1 /OA/interface.php/V1/dept
SQL: SHOW COLUMNS FROM `sp_user` [ RunTime:0.0006s ]
SQL: SELECT * FROM `sp_user` WHERE ( token='DuP3u7fKfkxRWrcS' and deadline>1524287726 ) LIMIT 1   [ RunTime:0.0005s ]
NOTIC: [8] Undefined index: userId /Library/WebServer/Documents/OA/Interface/V1/Controller/PublicController.class.php 第 61 行.
SQL: SHOW COLUMNS FROM `sp_dept` [ RunTime:0.0006s ]
SQL: SELECT t1.*,t2.name as departname FROM sp_dept t1 left join sp_dept as t2 on t1.pid=t2.id  LIMIT 0,1   [ RunTime:0.0004s ]

[ 2018-04-21T13:15:33+08:00 ] ::1 /OA/interface.php/V1/dept
SQL: SHOW COLUMNS FROM `sp_user` [ RunTime:0.0005s ]
SQL: SELECT * FROM `sp_user` WHERE ( token='DuP3u7fKfkxRWrcS' and deadline>1524287733 ) LIMIT 1   [ RunTime:0.0006s ]
NOTIC: [8] Undefined index: userId /Library/WebServer/Documents/OA/Interface/V1/Controller/PublicController.class.php 第 61 行.
SQL: SHOW COLUMNS FROM `sp_dept` [ RunTime:0.0007s ]
SQL: SELECT t1.*,t2.name as departname FROM sp_dept t1 left join sp_dept as t2 on t1.pid=t2.id  LIMIT 0,1   [ RunTime:0.0006s ]

[ 2018-04-21T13:15:40+08:00 ] ::1 /OA/interface.php/V1/dept
SQL: SHOW COLUMNS FROM `sp_user` [ RunTime:0.0005s ]
SQL: SELECT * FROM `sp_user` WHERE ( token='DuP3u7fKfkxRWrcS' and deadline>1524287740 ) LIMIT 1   [ RunTime:0.0006s ]
NOTIC: [8] Undefined index: userId /Library/WebServer/Documents/OA/Interface/V1/Controller/PublicController.class.php 第 61 行.
SQL: SHOW COLUMNS FROM `sp_dept` [ RunTime:0.0016s ]
SQL: SELECT t1.*,t2.name as departname FROM sp_dept t1 left join sp_dept as t2 on t1.pid=t2.id  LIMIT 1,1   [ RunTime:0.0012s ]

[ 2018-04-21T13:15:51+08:00 ] ::1 /OA/interface.php/V1/dept
SQL: SHOW COLUMNS FROM `sp_user` [ RunTime:0.0004s ]
SQL: SELECT * FROM `sp_user` WHERE ( token='DuP3u7fKfkxRWrcS' and deadline>1524287751 ) LIMIT 1   [ RunTime:0.0003s ]
NOTIC: [8] Undefined index: userId /Library/WebServer/Documents/OA/Interface/V1/Controller/PublicController.class.php 第 61 行.
SQL: SHOW COLUMNS FROM `sp_dept` [ RunTime:0.0003s ]
SQL: SELECT t1.*,t2.name as departname FROM sp_dept t1 left join sp_dept as t2 on t1.pid=t2.id  LIMIT 0,1   [ RunTime:0.0003s ]

[ 2018-04-21T13:15:58+08:00 ] ::1 /OA/interface.php/V1/dept
SQL: SHOW COLUMNS FROM `sp_user` [ RunTime:0.0005s ]
SQL: SELECT * FROM `sp_user` WHERE ( token='DuP3u7fKfkxRWrcS' and deadline>1524287758 ) LIMIT 1   [ RunTime:0.0005s ]
NOTIC: [8] Undefined index: userId /Library/WebServer/Documents/OA/Interface/V1/Controller/PublicController.class.php 第 61 行.
SQL: SHOW COLUMNS FROM `sp_dept` [ RunTime:0.0004s ]
SQL: SELECT t1.*,t2.name as departname FROM sp_dept t1 left join sp_dept as t2 on t1.pid=t2.id  LIMIT 9,1   [ RunTime:0.0003s ]

[ 2018-04-21T13:16:08+08:00 ] ::1 /OA/interface.php/V1/dept
SQL: SHOW COLUMNS FROM `sp_user` [ RunTime:0.0010s ]
SQL: SELECT * FROM `sp_user` WHERE ( token='DuP3u7fKfkxRWrcS' and deadline>1524287768 ) LIMIT 1   [ RunTime:0.0003s ]
NOTIC: [8] Undefined index: userId /Library/WebServer/Documents/OA/Interface/V1/Controller/PublicController.class.php 第 61 行.
SQL: SHOW COLUMNS FROM `sp_dept` [ RunTime:0.0004s ]
SQL: SELECT t1.*,t2.name as departname FROM sp_dept t1 left join sp_dept as t2 on t1.pid=t2.id  LIMIT 0,1   [ RunTime:0.0003s ]

[ 2018-04-21T13:27:16+08:00 ] ::1 /OA/interface.php/V1/dept
SQL: SHOW COLUMNS FROM `sp_user` [ RunTime:0.0005s ]
SQL: SELECT * FROM `sp_user` WHERE ( token='DuP3u7fKfkxRWrcS' and deadline>1524288436 ) LIMIT 1   [ RunTime:0.0003s ]
NOTIC: [8] Undefined index: userId /Library/WebServer/Documents/OA/Interface/V1/Controller/PublicController.class.php 第 61 行.
SQL: SHOW COLUMNS FROM `sp_dept` [ RunTime:0.0004s ]
SQL: SELECT COUNT(*) AS tp_count FROM sp_dept t1 left join sp_dept as t2 on t1.pid=t2.id  LIMIT 1   [ RunTime:0.0003s ]
SQL: SELECT t1.*,t2.name as departname FROM sp_dept t1 left join sp_dept as t2 on t1.pid=t2.id  LIMIT 0,1   [ RunTime:0.0003s ]

[ 2018-04-21T13:27:22+08:00 ] ::1 /OA/interface.php/V1/dept
SQL: SHOW COLUMNS FROM `sp_user` [ RunTime:0.0004s ]
SQL: SELECT * FROM `sp_user` WHERE ( token='DuP3u7fKfkxRWrcS' and deadline>1524288442 ) LIMIT 1   [ RunTime:0.0003s ]
NOTIC: [8] Undefined index: userId /Library/WebServer/Documents/OA/Interface/V1/Controller/PublicController.class.php 第 61 行.
SQL: SHOW COLUMNS FROM `sp_dept` [ RunTime:0.0003s ]
SQL: SELECT COUNT(*) AS tp_count FROM sp_dept t1 left join sp_dept as t2 on t1.pid=t2.id  LIMIT 1   [ RunTime:0.0003s ]
SQL: SELECT t1.*,t2.name as departname FROM sp_dept t1 left join sp_dept as t2 on t1.pid=t2.id  LIMIT 0,10   [ RunTime:0.0002s ]

[ 2018-04-21T13:27:28+08:00 ] ::1 /OA/interface.php/V1/dept
SQL: SHOW COLUMNS FROM `sp_user` [ RunTime:0.0005s ]
SQL: SELECT * FROM `sp_user` WHERE ( token='DuP3u7fKfkxRWrcS' and deadline>1524288448 ) LIMIT 1   [ RunTime:0.0003s ]
NOTIC: [8] Undefined index: userId /Library/WebServer/Documents/OA/Interface/V1/Controller/PublicController.class.php 第 61 行.
SQL: SHOW COLUMNS FROM `sp_dept` [ RunTime:0.0004s ]
SQL: SELECT COUNT(*) AS tp_count FROM sp_dept t1 left join sp_dept as t2 on t1.pid=t2.id  LIMIT 1   [ RunTime:0.0003s ]
SQL: SELECT t1.*,t2.name as departname FROM sp_dept t1 left join sp_dept as t2 on t1.pid=t2.id  LIMIT 10,10   [ RunTime:0.0002s ]

[ 2018-04-21T13:28:09+08:00 ] ::1 /OA/interface.php/V1/dept
SQL: SHOW COLUMNS FROM `sp_user` [ RunTime:0.0007s ]
SQL: SELECT * FROM `sp_user` WHERE ( token='DuP3u7fKfkxRWrcS' and deadline>1524288489 ) LIMIT 1   [ RunTime:0.0008s ]
NOTIC: [8] Undefined index: userId /Library/WebServer/Documents/OA/Interface/V1/Controller/PublicController.class.php 第 61 行.
SQL: SHOW COLUMNS FROM `sp_dept` [ RunTime:0.0004s ]
SQL: SELECT COUNT(*) AS tp_count FROM sp_dept t1 left join sp_dept as t2 on t1.pid=t2.id  LIMIT 1   [ RunTime:0.0003s ]
SQL: SELECT t1.*,t2.name as departname FROM sp_dept t1 left join sp_dept as t2 on t1.pid=t2.id  LIMIT 10,10   [ RunTime:0.0002s ]

[ 2018-04-21T13:28:26+08:00 ] ::1 /OA/interface.php/V1/dept
SQL: SHOW COLUMNS FROM `sp_user` [ RunTime:0.0005s ]
SQL: SELECT * FROM `sp_user` WHERE ( token='DuP3u7fKfkxRWrcS' and deadline>1524288506 ) LIMIT 1   [ RunTime:0.0005s ]
NOTIC: [8] Undefined index: userId /Library/WebServer/Documents/OA/Interface/V1/Controller/PublicController.class.php 第 61 行.
SQL: SHOW COLUMNS FROM `sp_dept` [ RunTime:0.0005s ]
SQL: SELECT COUNT(*) AS tp_count FROM sp_dept t1 left join sp_dept as t2 on t1.pid=t2.id  LIMIT 1   [ RunTime:0.0003s ]
SQL: SELECT t1.*,t2.name as departname FROM sp_dept t1 left join sp_dept as t2 on t1.pid=t2.id  LIMIT 10,10   [ RunTime:0.0002s ]

[ 2018-04-21T13:46:15+08:00 ] ::1 /OA/interface.php/V1/modifyAvatar
ERR: 无法加载控制器:ModifyAvatar

[ 2018-04-21T13:47:16+08:00 ] ::1 /OA/interface.php/V1/modifyAvatar
SQL: SHOW COLUMNS FROM `sp_user` [ RunTime:0.0005s ]
SQL: SELECT * FROM `sp_user` WHERE ( token='DuP3u7fKfkxRWrcS' and deadline>1524289636 ) LIMIT 1   [ RunTime:0.0003s ]
SQL: UPDATE `sp_user` SET `avatar`='' [ RunTime:0.0020s ]

[ 2018-04-21T13:49:04+08:00 ] ::1 /OA/interface.php/V1/modifyAvatar
SQL: SHOW COLUMNS FROM `sp_user` [ RunTime:0.0008s ]
SQL: SELECT * FROM `sp_user` WHERE ( token='DuP3u7fKfkxRWrcS' and deadline>1524289744 ) LIMIT 1   [ RunTime:0.0004s ]
NOTIC: [2] call_user_func() expects parameter 1 to be a valid callback, no array or string given /Library/WebServer/Documents/ThinkPHP/Library/Think/Upload.class.php 第 170 行.
SQL: UPDATE `sp_user` SET `avatar`='' [ RunTime:0.0006s ]

[ 2018-04-21T13:50:17+08:00 ] ::1 /OA/interface.php/V1/modifyAvatar
SQL: SHOW COLUMNS FROM `sp_user` [ RunTime:0.0005s ]
SQL: SELECT * FROM `sp_user` WHERE ( token='DuP3u7fKfkxRWrcS' and deadline>1524289817 ) LIMIT 1   [ RunTime:0.0003s ]
NOTIC: [2] call_user_func() expects parameter 1 to be a valid callback, no array or string given /Library/WebServer/Documents/ThinkPHP/Library/Think/Upload.class.php 第 170 行.
SQL: UPDATE `sp_user` SET `avatar`='' [ RunTime:0.0005s ]

[ 2018-04-21T13:50:43+08:00 ] ::1 /OA/interface.php/V1/modifyAvatar
SQL: SHOW COLUMNS FROM `sp_user` [ RunTime:0.0005s ]
SQL: SELECT * FROM `sp_user` WHERE ( token='DuP3u7fKfkxRWrcS' and deadline>1524289843 ) LIMIT 1   [ RunTime:0.0003s ]
NOTIC: [2] call_user_func() expects parameter 1 to be a valid callback, no array or string given /Library/WebServer/Documents/ThinkPHP/Library/Think/Upload.class.php 第 170 行.
SQL: UPDATE `sp_user` SET `avatar`='' WHERE ( 3 ) [ RunTime:0.0005s ]

[ 2018-04-21T13:51:28+08:00 ] ::1 /OA/interface.php/V1/modifyAvatar
SQL: SHOW COLUMNS FROM `sp_user` [ RunTime:0.0005s ]
SQL: SELECT * FROM `sp_user` WHERE ( token='DuP3u7fKfkxRWrcS' and deadline>1524289888 ) LIMIT 1   [ RunTime:0.0004s ]
NOTIC: [2] call_user_func() expects parameter 1 to be a valid callback, no array or string given /Library/WebServer/Documents/ThinkPHP/Library/Think/Upload.class.php 第 170 行.
SQL: UPDATE `sp_user` SET `avatar`='' WHERE ( 3 ) [ RunTime:0.0005s ]

[ 2018-04-21T13:53:03+08:00 ] ::1 /OA/interface.php/V1/modifyAvatar
SQL: SHOW COLUMNS FROM `sp_user` [ RunTime:0.0005s ]
SQL: SELECT * FROM `sp_user` WHERE ( token='DuP3u7fKfkxRWrcS' and deadline>1524289983 ) LIMIT 1   [ RunTime:0.0003s ]
NOTIC: [2] call_user_func() expects parameter 1 to be a valid callback, no array or string given /Library/WebServer/Documents/ThinkPHP/Library/Think/Upload.class.php 第 170 行.
SQL: UPDATE `sp_user` SET `avatar`='' WHERE ( id=3 ) [ RunTime:0.0005s ]

[ 2018-04-21T13:54:10+08:00 ] ::1 /OA/interface.php/V1/modifyAvatar
SQL: SHOW COLUMNS FROM `sp_user` [ RunTime:0.0005s ]
SQL: SELECT * FROM `sp_user` WHERE ( token='DuP3u7fKfkxRWrcS' and deadline>1524290050 ) LIMIT 1   [ RunTime:0.0003s ]
NOTIC: [2] call_user_func() expects parameter 1 to be a valid callback, no array or string given /Library/WebServer/Documents/ThinkPHP/Library/Think/Upload.class.php 第 170 行.
SQL: UPDATE `sp_user` SET `avatar`='' WHERE ( id=3 ) [ RunTime:0.0006s ]

[ 2018-04-21T13:54:42+08:00 ] ::1 /OA/interface.php/V1/modifyAvatar
SQL: SHOW COLUMNS FROM `sp_user` [ RunTime:0.0005s ]
SQL: SELECT * FROM `sp_user` WHERE ( token='DuP3u7fKfkxRWrcS' and deadline>1524290082 ) LIMIT 1   [ RunTime:0.0003s ]
NOTIC: [2] call_user_func() expects parameter 1 to be a valid callback, no array or string given /Library/WebServer/Documents/ThinkPHP/Library/Think/Upload.class.php 第 170 行.
SQL: UPDATE `sp_user` SET `avatar`='' WHERE ( id=3 ) [ RunTime:0.0005s ]

[ 2018-04-21T13:55:35+08:00 ] ::1 /OA/interface.php/V1/modifyAvatar
SQL: SHOW COLUMNS FROM `sp_user` [ RunTime:0.0005s ]
SQL: SELECT * FROM `sp_user` WHERE ( token='DuP3u7fKfkxRWrcS' and deadline>1524290135 ) LIMIT 1   [ RunTime:0.0003s ]
NOTIC: [2] call_user_func() expects parameter 1 to be a valid callback, no array or string given /Library/WebServer/Documents/ThinkPHP/Library/Think/Upload.class.php 第 170 行.
NOTIC: [8] Use of undefined constant eixt - assumed 'eixt' /Library/WebServer/Documents/OA/Interface/V1/Controller/PublicController.class.php 第 119 行.
SQL: UPDATE `sp_user` SET `avatar`='' WHERE ( 3 ) [ RunTime:0.0005s ]

[ 2018-04-21T13:56:41+08:00 ] ::1 /OA/interface.php/V1/modifyAvatar
SQL: SHOW COLUMNS FROM `sp_user` [ RunTime:0.0005s ]
SQL: SELECT * FROM `sp_user` WHERE ( token='DuP3u7fKfkxRWrcS' and deadline>1524290201 ) LIMIT 1   [ RunTime:0.0003s ]
NOTIC: [2] call_user_func() expects parameter 1 to be a valid callback, no array or string given /Library/WebServer/Documents/ThinkPHP/Library/Think/Upload.class.php 第 170 行.
NOTIC: [8] Use of undefined constant eixt - assumed 'eixt' /Library/WebServer/Documents/OA/Interface/V1/Controller/PublicController.class.php 第 121 行.
SQL: UPDATE `sp_user` SET `avatar`='' WHERE ( 3 ) [ RunTime:0.0006s ]

[ 2018-04-21T13:56:56+08:00 ] ::1 /OA/interface.php/V1/modifyAvatar
SQL: SHOW COLUMNS FROM `sp_user` [ RunTime:0.0006s ]
SQL: SELECT * FROM `sp_user` WHERE ( token='DuP3u7fKfkxRWrcS' and deadline>1524290216 ) LIMIT 1   [ RunTime:0.0003s ]
NOTIC: [2] call_user_func() expects parameter 1 to be a valid callback, no array or string given /Library/WebServer/Documents/ThinkPHP/Library/Think/Upload.class.php 第 170 行.
NOTIC: [8] Use of undefined constant eixt - assumed 'eixt' /Library/WebServer/Documents/OA/Interface/V1/Controller/PublicController.class.php 第 121 行.
SQL: UPDATE `sp_user` SET `avatar`='' WHERE ( 3 ) [ RunTime:0.0008s ]

[ 2018-04-21T13:57:17+08:00 ] ::1 /OA/interface.php/V1/modifyAvatar
SQL: SHOW COLUMNS FROM `sp_user` [ RunTime:0.0005s ]
SQL: SELECT * FROM `sp_user` WHERE ( token='DuP3u7fKfkxRWrcS' and deadline>1524290237 ) LIMIT 1   [ RunTime:0.0003s ]
NOTIC: [2] call_user_func() expects parameter 1 to be a valid callback, no array or string given /Library/WebServer/Documents/ThinkPHP/Library/Think/Upload.class.php 第 170 行.

[ 2018-04-21T13:57:49+08:00 ] ::1 /OA/interface.php/V1/modifyAvatar
SQL: SHOW COLUMNS FROM `sp_user` [ RunTime:0.0005s ]
SQL: SELECT * FROM `sp_user` WHERE ( token='DuP3u7fKfkxRWrcS' and deadline>1524290269 ) LIMIT 1   [ RunTime:0.0004s ]
NOTIC: [2] call_user_func() expects parameter 1 to be a valid callback, no array or string given /Library/WebServer/Documents/ThinkPHP/Library/Think/Upload.class.php 第 170 行.

[ 2018-04-21T13:58:05+08:00 ] ::1 /OA/interface.php/V1/modifyAvatar
SQL: SHOW COLUMNS FROM `sp_user` [ RunTime:0.0005s ]
SQL: SELECT * FROM `sp_user` WHERE ( token='DuP3u7fKfkxRWrcS' and deadline>1524290285 ) LIMIT 1   [ RunTime:0.0003s ]
NOTIC: [2] call_user_func() expects parameter 1 to be a valid callback, no array or string given /Library/WebServer/Documents/ThinkPHP/Library/Think/Upload.class.php 第 170 行.

[ 2018-04-21T13:58:22+08:00 ] ::1 /OA/interface.php/V1/modifyAvatar
SQL: SHOW COLUMNS FROM `sp_user` [ RunTime:0.0005s ]
SQL: SELECT * FROM `sp_user` WHERE ( token='DuP3u7fKfkxRWrcS' and deadline>1524290301 ) LIMIT 1   [ RunTime:0.0003s ]
NOTIC: [2] call_user_func() expects parameter 1 to be a valid callback, no array or string given /Library/WebServer/Documents/ThinkPHP/Library/Think/Upload.class.php 第 170 行.
ERR: 1406:Data too long for column 'avatar' at row 1
 [ SQL语句 ] : UPDATE `sp_user` SET `avatar`='/Interface/Public/Upload/2018-04-21/5adad2fe000aa.png' WHERE ( 3 )
ERR: 1406:Data too long for column 'avatar' at row 1
 [ SQL语句 ] : UPDATE `sp_user` SET `avatar`='/Interface/Public/Upload/2018-04-21/5adad2fe000aa.png' WHERE ( 3 )

[ 2018-04-21T14:00:11+08:00 ] ::1 /OA/interface.php/V1/modifyAvatar
SQL: SHOW COLUMNS FROM `sp_user` [ RunTime:0.0005s ]
SQL: SELECT * FROM `sp_user` WHERE ( token='DuP3u7fKfkxRWrcS' and deadline>1524290411 ) LIMIT 1   [ RunTime:0.0003s ]
NOTIC: [2] call_user_func() expects parameter 1 to be a valid callback, no array or string given /Library/WebServer/Documents/ThinkPHP/Library/Think/Upload.class.php 第 170 行.
SQL: UPDATE `sp_user` SET `avatar`='/Interface/Public/Upload/2018-04-21/5adad36b86904.png' WHERE ( 3 ) [ RunTime:0.0006s ]

[ 2018-04-21T14:24:52+08:00 ] ::1 /OA/interface.php/V1/modifyAvatar
SQL: SHOW COLUMNS FROM `sp_user` [ RunTime:0.0014s ]
SQL: SELECT * FROM `sp_user` WHERE ( token='DuP3u7fKfkxRWrcS' and deadline>1524291892 ) LIMIT 1   [ RunTime:0.0007s ]
NOTIC: [2] call_user_func() expects parameter 1 to be a valid callback, no array or string given /Library/WebServer/Documents/ThinkPHP/Library/Think/Upload.class.php 第 170 行.
SQL: UPDATE `sp_user` SET `avatar`='/Interface/Public/Upload/2018-04-21/5adad9342d649.png' WHERE ( 3 ) [ RunTime:0.0019s ]

[ 2018-04-21T14:27:53+08:00 ] ::1 /OA/interface.php/V1/uploadFiles
SQL: SHOW COLUMNS FROM `sp_user` [ RunTime:0.0008s ]
SQL: SELECT * FROM `sp_user` WHERE ( token='DuP3u7fKfkxRWrcS' and deadline>1524292073 ) LIMIT 1   [ RunTime:0.0003s ]
ERR: 非法操作:uploadFiles

[ 2018-04-21T14:28:38+08:00 ] ::1 /OA/interface.php/V1/uploadFiles
SQL: SHOW COLUMNS FROM `sp_user` [ RunTime:0.0006s ]
SQL: SELECT * FROM `sp_user` WHERE ( token='DuP3u7fKfkxRWrcS' and deadline>1524292118 ) LIMIT 1   [ RunTime:0.0004s ]
ERR: 非法操作:uploadFiles

[ 2018-04-21T14:28:49+08:00 ] ::1 /OA/interface.php/V1/uploadFiles
SQL: SHOW COLUMNS FROM `sp_user` [ RunTime:0.0008s ]
SQL: SELECT * FROM `sp_user` WHERE ( token='DuP3u7fKfkxRWrcS' and deadline>1524292129 ) LIMIT 1   [ RunTime:0.0004s ]
ERR: 非法操作:uploadFiles

[ 2018-04-21T14:29:51+08:00 ] ::1 /OA/interface.php/V1/uploadFiles
SQL: SHOW COLUMNS FROM `sp_user` [ RunTime:0.0006s ]
SQL: SELECT * FROM `sp_user` WHERE ( token='DuP3u7fKfkxRWrcS' and deadline>1524292191 ) LIMIT 1   [ RunTime:0.0004s ]

[ 2018-04-21T14:30:16+08:00 ] ::1 /OA/interface.php/V1/uploadFiles
SQL: SHOW COLUMNS FROM `sp_user` [ RunTime:0.0006s ]
SQL: SELECT * FROM `sp_user` WHERE ( token='DuP3u7fKfkxRWrcS' and deadline>1524292216 ) LIMIT 1   [ RunTime:0.0003s ]
NOTIC: [2] call_user_func() expects parameter 1 to be a valid callback, no array or string given /Library/WebServer/Documents/ThinkPHP/Library/Think/Upload.class.php 第 170 行.

[ 2018-04-21T14:32:50+08:00 ] ::1 /OA/interface.php/V1/uploadFiles
SQL: SHOW COLUMNS FROM `sp_user` [ RunTime:0.0006s ]
SQL: SELECT * FROM `sp_user` WHERE ( token='DuP3u7fKfkxRWrcS' and deadline>1524292370 ) LIMIT 1   [ RunTime:0.0003s ]
NOTIC: [2] call_user_func() expects parameter 1 to be a valid callback, no array or string given /Library/WebServer/Documents/ThinkPHP/Library/Think/Upload.class.php 第 170 行.
NOTIC: [2] call_user_func_array() expects parameter 1 to be a valid callback, function 'getRandom' not found or invalid function name /Library/WebServer/Documents/ThinkPHP/Library/Think/Upload.class.php 第 418 行.

[ 2018-04-21T14:33:21+08:00 ] ::1 /OA/interface.php/V1/uploadFiles
SQL: SHOW COLUMNS FROM `sp_user` [ RunTime:0.0011s ]
SQL: SELECT * FROM `sp_user` WHERE ( token='DuP3u7fKfkxRWrcS' and deadline>1524292401 ) LIMIT 1   [ RunTime:0.0005s ]
NOTIC: [2] call_user_func() expects parameter 1 to be a valid callback, no array or string given /Library/WebServer/Documents/ThinkPHP/Library/Think/Upload.class.php 第 170 行.
NOTIC: [2] call_user_func_array() expects parameter 1 to be a valid callback, function 'getRandom' not found or invalid function name /Library/WebServer/Documents/ThinkPHP/Library/Think/Upload.class.php 第 418 行.

[ 2018-04-21T14:35:06+08:00 ] ::1 /OA/interface.php/V1/uploadFiles
SQL: SHOW COLUMNS FROM `sp_user` [ RunTime:0.0006s ]
SQL: SELECT * FROM `sp_user` WHERE ( token='DuP3u7fKfkxRWrcS' and deadline>1524292506 ) LIMIT 1   [ RunTime:0.0005s ]
NOTIC: [2] call_user_func() expects parameter 1 to be a valid callback, no array or string given /Library/WebServer/Documents/ThinkPHP/Library/Think/Upload.class.php 第 170 行.

[ 2018-04-21T14:35:29+08:00 ] ::1 /OA/interface.php/V1/uploadFiles
SQL: SHOW COLUMNS FROM `sp_user` [ RunTime:0.0005s ]
SQL: SELECT * FROM `sp_user` WHERE ( token='DuP3u7fKfkxRWrcS' and deadline>1524292529 ) LIMIT 1   [ RunTime:0.0003s ]
NOTIC: [2] call_user_func() expects parameter 1 to be a valid callback, no array or string given /Library/WebServer/Documents/ThinkPHP/Library/Think/Upload.class.php 第 170 行.

[ 2018-04-21T14:35:39+08:00 ] ::1 /OA/interface.php/V1/uploadFiles
SQL: SHOW COLUMNS FROM `sp_user` [ RunTime:0.0010s ]
SQL: SELECT * FROM `sp_user` WHERE ( token='DuP3u7fKfkxRWrcS' and deadline>1524292539 ) LIMIT 1   [ RunTime:0.0005s ]
NOTIC: [2] call_user_func() expects parameter 1 to be a valid callback, no array or string given /Library/WebServer/Documents/ThinkPHP/Library/Think/Upload.class.php 第 170 行.
NOTIC: [2] call_user_func() expects parameter 1 to be a valid callback, no array or string given /Library/WebServer/Documents/ThinkPHP/Library/Think/Upload.class.php 第 170 行.

[ 2018-04-21T14:37:03+08:00 ] ::1 /OA/interface.php/V1/uploadFiles
SQL: SHOW COLUMNS FROM `sp_user` [ RunTime:0.0006s ]
SQL: SELECT * FROM `sp_user` WHERE ( token='DuP3u7fKfkxRWrcS' and deadline>1524292623 ) LIMIT 1   [ RunTime:0.0003s ]
NOTIC: [2] call_user_func() expects parameter 1 to be a valid callback, no array or string given /Library/WebServer/Documents/ThinkPHP/Library/Think/Upload.class.php 第 170 行.
NOTIC: [2] call_user_func() expects parameter 1 to be a valid callback, no array or string given /Library/WebServer/Documents/ThinkPHP/Library/Think/Upload.class.php 第 170 行.

[ 2018-04-21T14:37:52+08:00 ] ::1 /OA/interface.php/V1/uploadFiles
SQL: SHOW COLUMNS FROM `sp_user` [ RunTime:0.0006s ]
SQL: SELECT * FROM `sp_user` WHERE ( token='DuP3u7fKfkxRWrcS' and deadline>1524292672 ) LIMIT 1   [ RunTime:0.0003s ]
NOTIC: [2] call_user_func() expects parameter 1 to be a valid callback, no array or string given /Library/WebServer/Documents/ThinkPHP/Library/Think/Upload.class.php 第 170 行.
NOTIC: [2] call_user_func() expects parameter 1 to be a valid callback, no array or string given /Library/WebServer/Documents/ThinkPHP/Library/Think/Upload.class.php 第 170 行.

[ 2018-04-21T14:41:39+08:00 ] ::1 /OA/interface.php/V1/uploadFiles
SQL: SHOW COLUMNS FROM `sp_user` [ RunTime:0.0006s ]
SQL: SELECT * FROM `sp_user` WHERE ( token='DuP3u7fKfkxRWrcS' and deadline>1524292899 ) LIMIT 1   [ RunTime:0.0004s ]
NOTIC: [2] call_user_func() expects parameter 1 to be a valid callback, no array or string given /Library/WebServer/Documents/ThinkPHP/Library/Think/Upload.class.php 第 170 行.
NOTIC: [2] call_user_func() expects parameter 1 to be a valid callback, no array or string given /Library/WebServer/Documents/ThinkPHP/Library/Think/Upload.class.php 第 170 行.
NOTIC: [8] Undefined index: savepath /Library/WebServer/Documents/OA/Interface/V1/Controller/PublicController.class.php 第 158 行.
NOTIC: [8] Undefined index: savename /Library/WebServer/Documents/OA/Interface/V1/Controller/PublicController.class.php 第 158 行.
NOTIC: [8] Undefined index: savepath /Library/WebServer/Documents/OA/Interface/V1/Controller/PublicController.class.php 第 158 行.
NOTIC: [8] Undefined index: savename /Library/WebServer/Documents/OA/Interface/V1/Controller/PublicController.class.php 第 158 行.

[ 2018-04-21T14:43:04+08:00 ] ::1 /OA/interface.php/V1/uploadFiles
SQL: SHOW COLUMNS FROM `sp_user` [ RunTime:0.0005s ]
SQL: SELECT * FROM `sp_user` WHERE ( token='DuP3u7fKfkxRWrcS' and deadline>1524292984 ) LIMIT 1   [ RunTime:0.0003s ]
NOTIC: [2] call_user_func() expects parameter 1 to be a valid callback, no array or string given /Library/WebServer/Documents/ThinkPHP/Library/Think/Upload.class.php 第 170 行.
NOTIC: [2] call_user_func() expects parameter 1 to be a valid callback, no array or string given /Library/WebServer/Documents/ThinkPHP/Library/Think/Upload.class.php 第 170 行.
NOTIC: [8] Undefined index: savepath /Library/WebServer/Documents/OA/Interface/V1/Controller/PublicController.class.php 第 158 行.
NOTIC: [8] Undefined index: savename /Library/WebServer/Documents/OA/Interface/V1/Controller/PublicController.class.php 第 158 行.
NOTIC: [8] Undefined variable: tempPath /Library/WebServer/Documents/OA/Interface/V1/Controller/PublicController.class.php 第 158 行.
NOTIC: [8] Undefined index: savepath /Library/WebServer/Documents/OA/Interface/V1/Controller/PublicController.class.php 第 158 行.
NOTIC: [8] Undefined index: savename /Library/WebServer/Documents/OA/Interface/V1/Controller/PublicController.class.php 第 158 行.

[ 2018-04-21T14:43:42+08:00 ] ::1 /OA/interface.php/V1/uploadFiles
SQL: SHOW COLUMNS FROM `sp_user` [ RunTime:0.0006s ]
SQL: SELECT * FROM `sp_user` WHERE ( token='DuP3u7fKfkxRWrcS' and deadline>1524293022 ) LIMIT 1   [ RunTime:0.0004s ]
NOTIC: [2] call_user_func() expects parameter 1 to be a valid callback, no array or string given /Library/WebServer/Documents/ThinkPHP/Library/Think/Upload.class.php 第 170 行.
NOTIC: [2] call_user_func() expects parameter 1 to be a valid callback, no array or string given /Library/WebServer/Documents/ThinkPHP/Library/Think/Upload.class.php 第 170 行.
NOTIC: [8] Undefined variable: tempPath /Library/WebServer/Documents/OA/Interface/V1/Controller/PublicController.class.php 第 158 行.

[ 2018-04-21T14:44:54+08:00 ] ::1 /OA/interface.php/V1/uploadFiles
SQL: SHOW COLUMNS FROM `sp_user` [ RunTime:0.0005s ]
SQL: SELECT * FROM `sp_user` WHERE ( token='DuP3u7fKfkxRWrcS' and deadline>1524293094 ) LIMIT 1   [ RunTime:0.0003s ]
NOTIC: [2] call_user_func() expects parameter 1 to be a valid callback, no array or string given /Library/WebServer/Documents/ThinkPHP/Library/Think/Upload.class.php 第 170 行.
NOTIC: [2] call_user_func() expects parameter 1 to be a valid callback, no array or string given /Library/WebServer/Documents/ThinkPHP/Library/Think/Upload.class.php 第 170 行.

