[ 2018-04-05T10:14:53+08:00 ] ::1 /ecshop/index.php
INFO: [ app_init ] --START--
INFO: Run Behavior\BuildLiteBehavior [ RunTime:0.000024s ]
INFO: [ app_init ] --END-- [ RunTime:0.001028s ]
INFO: [ app_begin ] --START--
INFO: Run Behavior\ReadHtmlCacheBehavior [ RunTime:0.000328s ]
INFO: [ app_begin ] --END-- [ RunTime:0.000406s ]
INFO: [ view_parse ] --START--
INFO: Run Behavior\ParseTemplateBehavior [ RunTime:0.000353s ]
INFO: [ view_parse ] --END-- [ RunTime:0.000493s ]
INFO: [ view_filter ] --START--
INFO: Run Behavior\WriteHtmlCacheBehavior [ RunTime:0.000202s ]
INFO: [ view_filter ] --END-- [ RunTime:0.000292s ]
INFO: [ app_end ] --START--
INFO: Run Behavior\ShowPageTraceBehavior [ RunTime:0.000415s ]
INFO: [ app_end ] --END-- [ RunTime:0.000508s ]

[ 2018-04-05T10:42:16+08:00 ] 127.0.0.1 /ecshop/index.php
INFO: [ app_init ] --START--
INFO: Run Behavior\BuildLiteBehavior [ RunTime:0.000030s ]
INFO: [ app_init ] --END-- [ RunTime:0.000382s ]
INFO: [ app_begin ] --START--
INFO: Run Behavior\ReadHtmlCacheBehavior [ RunTime:0.000340s ]
INFO: [ app_begin ] --END-- [ RunTime:0.000415s ]
INFO: [ view_parse ] --START--
INFO: Run Behavior\ParseTemplateBehavior [ RunTime:0.001055s ]
INFO: [ view_parse ] --END-- [ RunTime:0.001245s ]
INFO: [ view_filter ] --START--
INFO: Run Behavior\WriteHtmlCacheBehavior [ RunTime:0.000190s ]
INFO: [ view_filter ] --END-- [ RunTime:0.000255s ]
INFO: [ app_end ] --START--
INFO: Run Behavior\ShowPageTraceBehavior [ RunTime:0.000375s ]
INFO: [ app_end ] --END-- [ RunTime:0.000445s ]

[ 2018-04-05T10:43:03+08:00 ] 127.0.0.1 /ecshop/index.php
INFO: [ app_init ] --START--
INFO: Run Behavior\BuildLiteBehavior [ RunTime:0.000046s ]
INFO: [ app_init ] --END-- [ RunTime:0.000657s ]
INFO: [ app_begin ] --START--
INFO: Run Behavior\ReadHtmlCacheBehavior [ RunTime:0.000734s ]
INFO: [ app_begin ] --END-- [ RunTime:0.000904s ]
INFO: [ view_parse ] --START--
INFO: Run Behavior\ParseTemplateBehavior [ RunTime:0.000353s ]
INFO: [ view_parse ] --END-- [ RunTime:0.000495s ]
INFO: [ view_filter ] --START--
INFO: Run Behavior\WriteHtmlCacheBehavior [ RunTime:0.000262s ]
INFO: [ view_filter ] --END-- [ RunTime:0.000369s ]
INFO: [ app_end ] --START--
INFO: Run Behavior\ShowPageTraceBehavior [ RunTime:0.000684s ]
INFO: [ app_end ] --END-- [ RunTime:0.000810s ]

[ 2018-04-05T12:24:46+08:00 ] 127.0.0.1 /ecshop/index.php/Home/Index/index
INFO: [ app_init ] --START--
INFO: Run Behavior\BuildLiteBehavior [ RunTime:0.000023s ]
INFO: [ app_init ] --END-- [ RunTime:0.000583s ]
INFO: [ app_begin ] --START--
INFO: Run Behavior\ReadHtmlCacheBehavior [ RunTime:0.000681s ]
INFO: [ app_begin ] --END-- [ RunTime:0.000818s ]
INFO: [ view_parse ] --START--
INFO: [ template_filter ] --START--
INFO: Run Behavior\ContentReplaceBehavior [ RunTime:0.000100s ]
INFO: [ template_filter ] --END-- [ RunTime:0.000190s ]
INFO: Run Behavior\ParseTemplateBehavior [ RunTime:0.012105s ]
INFO: [ view_parse ] --END-- [ RunTime:0.012231s ]
INFO: [ view_filter ] --START--
INFO: Run Behavior\WriteHtmlCacheBehavior [ RunTime:0.000897s ]
INFO: [ view_filter ] --END-- [ RunTime:0.001005s ]
INFO: [ app_end ] --START--
INFO: Run Behavior\ShowPageTraceBehavior [ RunTime:0.001592s ]
INFO: [ app_end ] --END-- [ RunTime:0.002013s ]

[ 2018-04-05T12:24:46+08:00 ] 127.0.0.1 /ecshop/index.php/Home/Index/images/biao6.gif
INFO: [ app_init ] --START--
INFO: Run Behavior\BuildLiteBehavior [ RunTime:0.000028s ]
INFO: [ app_init ] --END-- [ RunTime:0.000431s ]

[ 2018-04-05T12:24:46+08:00 ] 127.0.0.1 /ecshop/index.php/Home/Index/images/biao7.gif
INFO: [ app_init ] --START--
INFO: Run Behavior\BuildLiteBehavior [ RunTime:0.000059s ]
INFO: [ app_init ] --END-- [ RunTime:0.000431s ]

[ 2018-04-05T12:24:46+08:00 ] 127.0.0.1 /ecshop/index.php/Home/Index/images/biao3.gif
INFO: [ app_init ] --START--
INFO: Run Behavior\BuildLiteBehavior [ RunTime:0.000027s ]
INFO: [ app_init ] --END-- [ RunTime:0.000398s ]

[ 2018-04-05T12:24:46+08:00 ] 127.0.0.1 /ecshop/index.php/Home/Index/images/top_1.gif
INFO: [ app_init ] --START--
INFO: Run Behavior\BuildLiteBehavior [ RunTime:0.000039s ]
INFO: [ app_init ] --END-- [ RunTime:0.005004s ]

[ 2018-04-05T12:24:46+08:00 ] 127.0.0.1 /ecshop/index.php/Home/Index/images/logo.gif
INFO: [ app_init ] --START--
INFO: Run Behavior\BuildLiteBehavior [ RunTime:0.000031s ]
INFO: [ app_init ] --END-- [ RunTime:0.000460s ]

[ 2018-04-05T12:24:47+08:00 ] 127.0.0.1 /ecshop/index.php/Home/Index/images/24_thumb_G_1241971981429.jpg
INFO: [ app_init ] --START--
INFO: Run Behavior\BuildLiteBehavior [ RunTime:0.000042s ]
INFO: [ app_init ] --END-- [ RunTime:0.000970s ]

[ 2018-04-05T12:24:47+08:00 ] 127.0.0.1 /ecshop/index.php/Home/Index/images/12_thumb_G_1241965978410.jpg
INFO: [ app_init ] --START--
INFO: Run Behavior\BuildLiteBehavior [ RunTime:0.000032s ]
INFO: [ app_init ] --END-- [ RunTime:0.000586s ]

[ 2018-04-05T12:24:47+08:00 ] 127.0.0.1 /ecshop/index.php/Home/Index/css/style.css
INFO: [ app_init ] --START--
INFO: Run Behavior\BuildLiteBehavior [ RunTime:0.000031s ]
INFO: [ app_init ] --END-- [ RunTime:0.000513s ]
INFO: [ app_begin ] --START--
INFO: Run Behavior\ReadHtmlCacheBehavior [ RunTime:0.000708s ]
INFO: [ app_begin ] --END-- [ RunTime:0.000844s ]
ERR: 非法操作:css

[ 2018-04-05T12:24:47+08:00 ] 127.0.0.1 /ecshop/index.php/Home/Index/images/top_2.gif
INFO: [ app_init ] --START--
INFO: Run Behavior\BuildLiteBehavior [ RunTime:0.000029s ]
INFO: [ app_init ] --END-- [ RunTime:0.000418s ]

[ 2018-04-05T12:24:47+08:00 ] 127.0.0.1 /ecshop/index.php/Home/Index/images/top_3.gif
INFO: [ app_init ] --START--
INFO: Run Behavior\BuildLiteBehavior [ RunTime:0.031603s ]
INFO: [ app_init ] --END-- [ RunTime:0.033087s ]

[ 2018-04-05T12:24:47+08:00 ] 127.0.0.1 /ecshop/index.php/Home/Index/images/3_thumb_G_1241422082679.jpg
INFO: [ app_init ] --START--
INFO: Run Behavior\BuildLiteBehavior [ RunTime:0.000033s ]
INFO: [ app_init ] --END-- [ RunTime:0.000487s ]

[ 2018-04-05T12:24:47+08:00 ] 127.0.0.1 /ecshop/index.php/Home/Index/images/top_6.gif
INFO: [ app_init ] --START--
INFO: Run Behavior\BuildLiteBehavior [ RunTime:0.000029s ]
INFO: [ app_init ] --END-- [ RunTime:0.000470s ]

[ 2018-04-05T12:24:47+08:00 ] 127.0.0.1 /ecshop/index.php/Home/Index/images/top_4.gif
INFO: [ app_init ] --START--
INFO: Run Behavior\BuildLiteBehavior [ RunTime:0.000028s ]
INFO: [ app_init ] --END-- [ RunTime:0.000399s ]

[ 2018-04-05T12:24:47+08:00 ] 127.0.0.1 /ecshop/index.php/Home/Index/images/1240802922410634065.gif
INFO: [ app_init ] --START--
INFO: Run Behavior\BuildLiteBehavior [ RunTime:0.000026s ]
INFO: [ app_init ] --END-- [ RunTime:0.000382s ]

[ 2018-04-05T12:24:47+08:00 ] 127.0.0.1 /ecshop/index.php/Home/Index/images/1240803062307572427.gif
INFO: [ app_init ] --START--
INFO: Run Behavior\BuildLiteBehavior [ RunTime:0.000032s ]
INFO: [ app_init ] --END-- [ RunTime:0.000509s ]

[ 2018-04-05T12:24:47+08:00 ] 127.0.0.1 /ecshop/index.php/Home/Index/images/top_5.gif
INFO: [ app_init ] --START--
INFO: Run Behavior\BuildLiteBehavior [ RunTime:0.000027s ]
INFO: [ app_init ] --END-- [ RunTime:0.000430s ]

[ 2018-04-05T12:24:47+08:00 ] 127.0.0.1 /ecshop/index.php/Home/Index/images/top_7.gif
INFO: [ app_init ] --START--
INFO: Run Behavior\BuildLiteBehavior [ RunTime:0.000029s ]
INFO: [ app_init ] --END-- [ RunTime:0.000392s ]

[ 2018-04-05T12:24:47+08:00 ] 127.0.0.1 /ecshop/index.php/Home/Index/images/1240803144788047486.gif
INFO: [ app_init ] --START--
INFO: Run Behavior\BuildLiteBehavior [ RunTime:0.000035s ]
INFO: [ app_init ] --END-- [ RunTime:0.003391s ]

[ 2018-04-05T12:24:47+08:00 ] 127.0.0.1 /ecshop/index.php/Home/Index/images/8_thumb_G_1241425513488.jpg
INFO: [ app_init ] --START--
INFO: Run Behavior\BuildLiteBehavior [ RunTime:0.000033s ]
INFO: [ app_init ] --END-- [ RunTime:0.000660s ]

[ 2018-04-05T12:24:47+08:00 ] 127.0.0.1 /ecshop/index.php/Home/Index/images/111.jpg
INFO: [ app_init ] --START--
INFO: Run Behavior\BuildLiteBehavior [ RunTime:0.000029s ]
INFO: [ app_init ] --END-- [ RunTime:0.000424s ]

[ 2018-04-05T12:24:47+08:00 ] 127.0.0.1 /ecshop/index.php/Home/Index/images/di.jpg
INFO: [ app_init ] --START--
INFO: Run Behavior\BuildLiteBehavior [ RunTime:0.000032s ]
INFO: [ app_init ] --END-- [ RunTime:0.001184s ]

[ 2018-04-05T12:24:47+08:00 ] 127.0.0.1 /ecshop/index.php/Home/Index/images/yongda_logo.gif
INFO: [ app_init ] --START--
INFO: Run Behavior\BuildLiteBehavior [ RunTime:0.000026s ]
INFO: [ app_init ] --END-- [ RunTime:0.000388s ]

[ 2018-04-05T12:24:47+08:00 ] 127.0.0.1 /ecshop/index.php/Home/Index/images/ecmoban_link.jpg
INFO: [ app_init ] --START--
INFO: Run Behavior\BuildLiteBehavior [ RunTime:0.000030s ]
INFO: [ app_init ] --END-- [ RunTime:0.000441s ]

[ 2018-04-05T12:24:47+08:00 ] 127.0.0.1 /ecshop/index.php/Home/Index/images/sousuo.gif
INFO: [ app_init ] --START--
INFO: Run Behavior\BuildLiteBehavior [ RunTime:0.000027s ]
INFO: [ app_init ] --END-- [ RunTime:0.000348s ]

[ 2018-04-05T12:24:47+08:00 ] 127.0.0.1 /ecshop/index.php/Home/Index/images/1_thumb_G_1240902890710.jpg
INFO: [ app_init ] --START--
INFO: Run Behavior\BuildLiteBehavior [ RunTime:0.000027s ]
INFO: [ app_init ] --END-- [ RunTime:0.000403s ]

[ 2018-04-05T12:24:47+08:00 ] 127.0.0.1 /ecshop/index.php/Home/Index/images/9_thumb_G_1241511871555.jpg
INFO: [ app_init ] --START--
INFO: Run Behavior\BuildLiteBehavior [ RunTime:0.000060s ]
INFO: [ app_init ] --END-- [ RunTime:0.000513s ]

[ 2018-04-05T12:25:18+08:00 ] 127.0.0.1 /ecshop/index.php/Home/Index/index
INFO: [ app_init ] --START--
INFO: Run Behavior\BuildLiteBehavior [ RunTime:0.000020s ]
INFO: [ app_init ] --END-- [ RunTime:0.000527s ]
INFO: [ app_begin ] --START--
INFO: Run Behavior\ReadHtmlCacheBehavior [ RunTime:0.000734s ]
INFO: [ app_begin ] --END-- [ RunTime:0.000857s ]
INFO: [ view_parse ] --START--
INFO: [ template_filter ] --START--
INFO: Run Behavior\ContentReplaceBehavior [ RunTime:0.000157s ]
INFO: [ template_filter ] --END-- [ RunTime:0.000288s ]
INFO: Run Behavior\ParseTemplateBehavior [ RunTime:0.012458s ]
INFO: [ view_parse ] --END-- [ RunTime:0.012603s ]
INFO: [ view_filter ] --START--
INFO: Run Behavior\WriteHtmlCacheBehavior [ RunTime:0.000502s ]
INFO: [ view_filter ] --END-- [ RunTime:0.000620s ]
INFO: [ app_end ] --START--
INFO: Run Behavior\ShowPageTraceBehavior [ RunTime:0.001033s ]
INFO: [ app_end ] --END-- [ RunTime:0.001188s ]

[ 2018-04-05T12:25:19+08:00 ] 127.0.0.1 /ecshop/index.php/Home/Index/images/logo.gif
INFO: [ app_init ] --START--
INFO: Run Behavior\BuildLiteBehavior [ RunTime:0.000031s ]
INFO: [ app_init ] --END-- [ RunTime:0.000436s ]

[ 2018-04-05T12:25:19+08:00 ] 127.0.0.1 /ecshop/index.php/Home/Index/images/biao6.gif
INFO: [ app_init ] --START--
INFO: Run Behavior\BuildLiteBehavior [ RunTime:0.000033s ]
INFO: [ app_init ] --END-- [ RunTime:0.000490s ]

[ 2018-04-05T12:25:19+08:00 ] 127.0.0.1 /ecshop/index.php/Home/Index/images/biao3.gif
INFO: [ app_init ] --START--
INFO: Run Behavior\BuildLiteBehavior [ RunTime:0.000032s ]
INFO: [ app_init ] --END-- [ RunTime:0.000473s ]

[ 2018-04-05T12:25:19+08:00 ] 127.0.0.1 /ecshop/index.php/Home/Index/images/biao7.gif
INFO: [ app_init ] --START--
INFO: Run Behavior\BuildLiteBehavior [ RunTime:0.000028s ]
INFO: [ app_init ] --END-- [ RunTime:0.000421s ]

[ 2018-04-05T12:25:19+08:00 ] 127.0.0.1 /ecshop/index.php/Home/Index/images/top_1.gif
INFO: [ app_init ] --START--
INFO: Run Behavior\BuildLiteBehavior [ RunTime:0.000032s ]
INFO: [ app_init ] --END-- [ RunTime:0.008989s ]

[ 2018-04-05T12:25:19+08:00 ] 127.0.0.1 /ecshop/index.php/Home/Index/images/3_thumb_G_1241422082679.jpg
INFO: [ app_init ] --START--
INFO: Run Behavior\BuildLiteBehavior [ RunTime:0.000032s ]
INFO: [ app_init ] --END-- [ RunTime:0.001199s ]

[ 2018-04-05T12:25:19+08:00 ] 127.0.0.1 /ecshop/index.php/Home/Index/images/top_2.gif
INFO: [ app_init ] --START--
INFO: Run Behavior\BuildLiteBehavior [ RunTime:0.000029s ]
INFO: [ app_init ] --END-- [ RunTime:0.000447s ]

[ 2018-04-05T12:25:19+08:00 ] 127.0.0.1 /ecshop/index.php/Home/Index/images/24_thumb_G_1241971981429.jpg
INFO: [ app_init ] --START--
INFO: Run Behavior\BuildLiteBehavior [ RunTime:0.000027s ]
INFO: [ app_init ] --END-- [ RunTime:0.000434s ]

[ 2018-04-05T12:25:19+08:00 ] 127.0.0.1 /ecshop/index.php/Home/Index/images/top_5.gif
INFO: [ app_init ] --START--
INFO: Run Behavior\BuildLiteBehavior [ RunTime:0.000024s ]
INFO: [ app_init ] --END-- [ RunTime:0.000359s ]

[ 2018-04-05T12:25:19+08:00 ] 127.0.0.1 /ecshop/index.php/Home/Index/images/top_3.gif
INFO: [ app_init ] --START--
INFO: Run Behavior\BuildLiteBehavior [ RunTime:0.000028s ]
INFO: [ app_init ] --END-- [ RunTime:0.000406s ]

[ 2018-04-05T12:25:19+08:00 ] 127.0.0.1 /ecshop/index.php/Home/Index/images/12_thumb_G_1241965978410.jpg
INFO: [ app_init ] --START--
INFO: Run Behavior\BuildLiteBehavior [ RunTime:0.000034s ]
INFO: [ app_init ] --END-- [ RunTime:0.000674s ]

[ 2018-04-05T12:25:19+08:00 ] 127.0.0.1 /ecshop/index.php/Home/Index/images/top_6.gif
INFO: [ app_init ] --START--
INFO: Run Behavior\BuildLiteBehavior [ RunTime:0.000029s ]
INFO: [ app_init ] --END-- [ RunTime:0.000441s ]

[ 2018-04-05T12:25:19+08:00 ] 127.0.0.1 /ecshop/index.php/Home/Index/images/1240802922410634065.gif
INFO: [ app_init ] --START--
INFO: Run Behavior\BuildLiteBehavior [ RunTime:0.000046s ]
INFO: [ app_init ] --END-- [ RunTime:0.000476s ]

[ 2018-04-05T12:25:19+08:00 ] 127.0.0.1 /ecshop/index.php/Home/Index/images/1240803144788047486.gif
INFO: [ app_init ] --START--
INFO: Run Behavior\BuildLiteBehavior [ RunTime:0.000029s ]
INFO: [ app_init ] --END-- [ RunTime:0.000448s ]

[ 2018-04-05T12:25:19+08:00 ] 127.0.0.1 /ecshop/index.php/Home/Index/images/111.jpg
INFO: [ app_init ] --START--
INFO: Run Behavior\BuildLiteBehavior [ RunTime:0.000028s ]
INFO: [ app_init ] --END-- [ RunTime:0.000514s ]

[ 2018-04-05T12:25:19+08:00 ] 127.0.0.1 /ecshop/index.php/Home/Index/images/1_thumb_G_1240902890710.jpg
INFO: [ app_init ] --START--
INFO: Run Behavior\BuildLiteBehavior [ RunTime:0.000036s ]
INFO: [ app_init ] --END-- [ RunTime:0.000524s ]

[ 2018-04-05T12:25:19+08:00 ] 127.0.0.1 /ecshop/index.php/Home/Index/images/top_4.gif
INFO: [ app_init ] --START--
INFO: Run Behavior\BuildLiteBehavior [ RunTime:0.000030s ]
INFO: [ app_init ] --END-- [ RunTime:0.002953s ]

[ 2018-04-05T12:25:19+08:00 ] 127.0.0.1 /ecshop/index.php/Home/Index/images/top_7.gif
INFO: [ app_init ] --START--
INFO: Run Behavior\BuildLiteBehavior [ RunTime:0.000030s ]
INFO: [ app_init ] --END-- [ RunTime:0.000397s ]

[ 2018-04-05T12:25:19+08:00 ] 127.0.0.1 /ecshop/index.php/Home/Index/images/1240803062307572427.gif
INFO: [ app_init ] --START--
INFO: Run Behavior\BuildLiteBehavior [ RunTime:0.000029s ]
INFO: [ app_init ] --END-- [ RunTime:0.000487s ]

[ 2018-04-05T12:25:19+08:00 ] 127.0.0.1 /ecshop/index.php/Home/Index/images/ecmoban_link.jpg
INFO: [ app_init ] --START--
INFO: Run Behavior\BuildLiteBehavior [ RunTime:0.000033s ]
INFO: [ app_init ] --END-- [ RunTime:0.002269s ]

[ 2018-04-05T12:25:19+08:00 ] 127.0.0.1 /ecshop/index.php/Home/Index/images/yongda_logo.gif
INFO: [ app_init ] --START--
INFO: Run Behavior\BuildLiteBehavior [ RunTime:0.000038s ]
INFO: [ app_init ] --END-- [ RunTime:0.000577s ]

[ 2018-04-05T12:25:19+08:00 ] 127.0.0.1 /ecshop/index.php/Home/Index/images/9_thumb_G_1241511871555.jpg
INFO: [ app_init ] --START--
INFO: Run Behavior\BuildLiteBehavior [ RunTime:0.000039s ]
INFO: [ app_init ] --END-- [ RunTime:0.002802s ]

[ 2018-04-05T12:25:19+08:00 ] 127.0.0.1 /ecshop/index.php/Home/Index/images/sousuo.gif
INFO: [ app_init ] --START--
INFO: Run Behavior\BuildLiteBehavior [ RunTime:0.000031s ]
INFO: [ app_init ] --END-- [ RunTime:0.000431s ]

[ 2018-04-05T12:25:19+08:00 ] 127.0.0.1 /ecshop/index.php/Home/Index/images/8_thumb_G_1241425513488.jpg
INFO: [ app_init ] --START--
INFO: Run Behavior\BuildLiteBehavior [ RunTime:0.000034s ]
INFO: [ app_init ] --END-- [ RunTime:0.000481s ]

[ 2018-04-05T12:25:19+08:00 ] 127.0.0.1 /ecshop/index.php/Home/Index/images/di.jpg
INFO: [ app_init ] --START--
INFO: Run Behavior\BuildLiteBehavior [ RunTime:0.000029s ]
INFO: [ app_init ] --END-- [ RunTime:0.000406s ]

[ 2018-04-05T12:25:55+08:00 ] 127.0.0.1 /ecshop/index.php/Home/Index/images/biao6.gif
INFO: [ app_init ] --START--
INFO: Run Behavior\BuildLiteBehavior [ RunTime:0.000026s ]
INFO: [ app_init ] --END-- [ RunTime:0.000379s ]

[ 2018-04-05T12:25:55+08:00 ] 127.0.0.1 /ecshop/index.php/Home/Index/images/top_1.gif
INFO: [ app_init ] --START--
INFO: Run Behavior\BuildLiteBehavior [ RunTime:0.000027s ]
INFO: [ app_init ] --END-- [ RunTime:0.002482s ]

[ 2018-04-05T12:25:55+08:00 ] 127.0.0.1 /ecshop/index.php/Home/Index/images/biao7.gif
INFO: [ app_init ] --START--
INFO: Run Behavior\BuildLiteBehavior [ RunTime:0.000032s ]
INFO: [ app_init ] --END-- [ RunTime:0.000617s ]

[ 2018-04-05T12:25:55+08:00 ] 127.0.0.1 /ecshop/index.php/Home/Index/images/biao3.gif
INFO: [ app_init ] --START--
INFO: Run Behavior\BuildLiteBehavior [ RunTime:0.000024s ]
INFO: [ app_init ] --END-- [ RunTime:0.000379s ]

[ 2018-04-05T12:25:55+08:00 ] 127.0.0.1 /ecshop/index.php/Home/Index/images/logo.gif
INFO: [ app_init ] --START--
INFO: Run Behavior\BuildLiteBehavior [ RunTime:0.000029s ]
INFO: [ app_init ] --END-- [ RunTime:0.000460s ]

[ 2018-04-05T12:25:55+08:00 ] 127.0.0.1 /ecshop/index.php/Home/Index/images/3_thumb_G_1241422082679.jpg
INFO: [ app_init ] --START--
INFO: Run Behavior\BuildLiteBehavior [ RunTime:0.000031s ]
INFO: [ app_init ] --END-- [ RunTime:0.000615s ]

[ 2018-04-05T12:25:55+08:00 ] 127.0.0.1 /ecshop/index.php/Home/Index/images/top_2.gif
INFO: [ app_init ] --START--
INFO: Run Behavior\BuildLiteBehavior [ RunTime:0.000029s ]
INFO: [ app_init ] --END-- [ RunTime:0.000597s ]

[ 2018-04-05T12:25:55+08:00 ] 127.0.0.1 /ecshop/index.php/Home/Index/images/24_thumb_G_1241971981429.jpg
INFO: [ app_init ] --START--
INFO: Run Behavior\BuildLiteBehavior [ RunTime:0.000027s ]
INFO: [ app_init ] --END-- [ RunTime:0.000424s ]

[ 2018-04-05T12:25:55+08:00 ] 127.0.0.1 /ecshop/index.php/Home/Index/index
INFO: [ app_init ] --START--
INFO: Run Behavior\BuildLiteBehavior [ RunTime:0.000027s ]
INFO: [ app_init ] --END-- [ RunTime:0.000376s ]
INFO: [ app_begin ] --START--
INFO: Run Behavior\ReadHtmlCacheBehavior [ RunTime:0.000433s ]
INFO: [ app_begin ] --END-- [ RunTime:0.000548s ]
INFO: [ view_parse ] --START--
INFO: [ template_filter ] --START--
INFO: Run Behavior\ContentReplaceBehavior [ RunTime:0.000154s ]
INFO: [ template_filter ] --END-- [ RunTime:0.000286s ]
INFO: Run Behavior\ParseTemplateBehavior [ RunTime:0.033618s ]
INFO: [ view_parse ] --END-- [ RunTime:0.033744s ]
INFO: [ view_filter ] --START--
INFO: Run Behavior\WriteHtmlCacheBehavior [ RunTime:0.000199s ]
INFO: [ view_filter ] --END-- [ RunTime:0.000307s ]
INFO: [ app_end ] --START--
INFO: Run Behavior\ShowPageTraceBehavior [ RunTime:0.000568s ]
INFO: [ app_end ] --END-- [ RunTime:0.000743s ]

[ 2018-04-05T12:25:55+08:00 ] 127.0.0.1 /ecshop/index.php/Home/Index/images/top_3.gif
INFO: [ app_init ] --START--
INFO: Run Behavior\BuildLiteBehavior [ RunTime:0.000074s ]
INFO: [ app_init ] --END-- [ RunTime:0.000865s ]

[ 2018-04-05T12:25:55+08:00 ] 127.0.0.1 /ecshop/index.php/Home/Index/images/12_thumb_G_1241965978410.jpg
INFO: [ app_init ] --START--
INFO: Run Behavior\BuildLiteBehavior [ RunTime:0.000027s ]
INFO: [ app_init ] --END-- [ RunTime:0.000395s ]

[ 2018-04-05T12:25:55+08:00 ] 127.0.0.1 /ecshop/index.php/Home/Index/images/top_6.gif
INFO: [ app_init ] --START--
INFO: Run Behavior\BuildLiteBehavior [ RunTime:0.000031s ]
INFO: [ app_init ] --END-- [ RunTime:0.000715s ]

[ 2018-04-05T12:25:55+08:00 ] 127.0.0.1 /ecshop/index.php/Home/Index/images/top_5.gif
INFO: [ app_init ] --START--
INFO: Run Behavior\BuildLiteBehavior [ RunTime:0.000027s ]
INFO: [ app_init ] --END-- [ RunTime:0.000387s ]

[ 2018-04-05T12:25:55+08:00 ] 127.0.0.1 /ecshop/index.php/Home/Index/images/top_4.gif
INFO: [ app_init ] --START--
INFO: Run Behavior\BuildLiteBehavior [ RunTime:0.000029s ]
INFO: [ app_init ] --END-- [ RunTime:0.000418s ]

[ 2018-04-05T12:25:55+08:00 ] 127.0.0.1 /ecshop/index.php/Home/Index/images/top_7.gif
INFO: [ app_init ] --START--
INFO: Run Behavior\BuildLiteBehavior [ RunTime:0.000029s ]
INFO: [ app_init ] --END-- [ RunTime:0.000400s ]

[ 2018-04-05T12:25:55+08:00 ] 127.0.0.1 /ecshop/index.php/Home/Index/images/1240802922410634065.gif
INFO: [ app_init ] --START--
INFO: Run Behavior\BuildLiteBehavior [ RunTime:0.000028s ]
INFO: [ app_init ] --END-- [ RunTime:0.000449s ]

[ 2018-04-05T12:25:55+08:00 ] 127.0.0.1 /ecshop/index.php/Home/Index/images/111.jpg
INFO: [ app_init ] --START--
INFO: Run Behavior\BuildLiteBehavior [ RunTime:0.000027s ]
INFO: [ app_init ] --END-- [ RunTime:0.000391s ]

[ 2018-04-05T12:25:55+08:00 ] 127.0.0.1 /ecshop/index.php/Home/Index/images/9_thumb_G_1241511871555.jpg
INFO: [ app_init ] --START--
INFO: Run Behavior\BuildLiteBehavior [ RunTime:0.000026s ]
INFO: [ app_init ] --END-- [ RunTime:0.000386s ]

[ 2018-04-05T12:25:55+08:00 ] 127.0.0.1 /ecshop/index.php/Home/Index/images/1240803144788047486.gif
INFO: [ app_init ] --START--
INFO: Run Behavior\BuildLiteBehavior [ RunTime:0.000024s ]
INFO: [ app_init ] --END-- [ RunTime:0.000373s ]

[ 2018-04-05T12:25:55+08:00 ] 127.0.0.1 /ecshop/index.php/Home/Index/images/1240803062307572427.gif
INFO: [ app_init ] --START--
INFO: Run Behavior\BuildLiteBehavior [ RunTime:0.000027s ]
INFO: [ app_init ] --END-- [ RunTime:0.000392s ]

[ 2018-04-05T12:25:55+08:00 ] 127.0.0.1 /ecshop/index.php/Home/Index/images/1_thumb_G_1240902890710.jpg
INFO: [ app_init ] --START--
INFO: Run Behavior\BuildLiteBehavior [ RunTime:0.000029s ]
INFO: [ app_init ] --END-- [ RunTime:0.000391s ]

[ 2018-04-05T12:25:55+08:00 ] 127.0.0.1 /ecshop/index.php/Home/Index/images/8_thumb_G_1241425513488.jpg
INFO: [ app_init ] --START--
INFO: Run Behavior\BuildLiteBehavior [ RunTime:0.000029s ]
INFO: [ app_init ] --END-- [ RunTime:0.000421s ]

[ 2018-04-05T12:25:55+08:00 ] 127.0.0.1 /ecshop/index.php/Home/Index/images/di.jpg
INFO: [ app_init ] --START--
INFO: Run Behavior\BuildLiteBehavior [ RunTime:0.000030s ]
INFO: [ app_init ] --END-- [ RunTime:0.000585s ]

[ 2018-04-05T12:25:55+08:00 ] 127.0.0.1 /ecshop/index.php/Home/Index/images/yongda_logo.gif
INFO: [ app_init ] --START--
INFO: Run Behavior\BuildLiteBehavior [ RunTime:0.000027s ]
INFO: [ app_init ] --END-- [ RunTime:0.000400s ]

[ 2018-04-05T12:25:55+08:00 ] 127.0.0.1 /ecshop/index.php/Home/Index/images/ecmoban_link.jpg
INFO: [ app_init ] --START--
INFO: Run Behavior\BuildLiteBehavior [ RunTime:0.000028s ]
INFO: [ app_init ] --END-- [ RunTime:0.000395s ]

[ 2018-04-05T12:25:55+08:00 ] 127.0.0.1 /ecshop/index.php/Home/Index/images/sousuo.gif
INFO: [ app_init ] --START--
INFO: Run Behavior\BuildLiteBehavior [ RunTime:0.000028s ]
INFO: [ app_init ] --END-- [ RunTime:0.000380s ]

[ 2018-04-05T12:40:41+08:00 ] 127.0.0.1 /ecshop/index.php/Tools/JPush/JPushsendMessage
INFO: [ app_init ] --START--
INFO: Run Behavior\BuildLiteBehavior [ RunTime:0.000026s ]
INFO: [ app_init ] --END-- [ RunTime:0.000400s ]
INFO: [ app_begin ] --START--
INFO: Run Behavior\ReadHtmlCacheBehavior [ RunTime:0.000352s ]
INFO: [ app_begin ] --END-- [ RunTime:0.000439s ]
ERR: 无法加载控制器:Tools

[ 2018-04-05T16:34:07+08:00 ] 127.0.0.1 /ecshop/index.php/Home/Index/index
INFO: [ app_init ] --START--
INFO: Run Behavior\BuildLiteBehavior [ RunTime:0.000031s ]
INFO: [ app_init ] --END-- [ RunTime:0.000466s ]
INFO: [ app_begin ] --START--
INFO: Run Behavior\ReadHtmlCacheBehavior [ RunTime:0.000589s ]
INFO: [ app_begin ] --END-- [ RunTime:0.000734s ]
INFO: [ view_parse ] --START--
INFO: [ template_filter ] --START--
INFO: Run Behavior\ContentReplaceBehavior [ RunTime:0.000114s ]
INFO: [ template_filter ] --END-- [ RunTime:0.000195s ]
INFO: Run Behavior\ParseTemplateBehavior [ RunTime:0.010646s ]
INFO: [ view_parse ] --END-- [ RunTime:0.010756s ]
INFO: [ view_filter ] --START--
INFO: Run Behavior\WriteHtmlCacheBehavior [ RunTime:0.000137s ]
INFO: [ view_filter ] --END-- [ RunTime:0.000206s ]
INFO: [ app_end ] --START--
INFO: Run Behavior\ShowPageTraceBehavior [ RunTime:0.000458s ]
INFO: [ app_end ] --END-- [ RunTime:0.000542s ]

[ 2018-04-05T16:34:08+08:00 ] 127.0.0.1 /ecshop/index.php/Home/Index/index
INFO: [ app_init ] --START--
INFO: Run Behavior\BuildLiteBehavior [ RunTime:0.000019s ]
INFO: [ app_init ] --END-- [ RunTime:0.000268s ]
INFO: [ app_begin ] --START--
INFO: Run Behavior\ReadHtmlCacheBehavior [ RunTime:0.000478s ]
INFO: [ app_begin ] --END-- [ RunTime:0.000588s ]
INFO: [ view_parse ] --START--
INFO: [ template_filter ] --START--
INFO: Run Behavior\ContentReplaceBehavior [ RunTime:0.000171s ]
INFO: [ template_filter ] --END-- [ RunTime:0.000357s ]
INFO: Run Behavior\ParseTemplateBehavior [ RunTime:0.011172s ]
INFO: [ view_parse ] --END-- [ RunTime:0.011255s ]
INFO: [ view_filter ] --START--
INFO: Run Behavior\WriteHtmlCacheBehavior [ RunTime:0.000143s ]
INFO: [ view_filter ] --END-- [ RunTime:0.000209s ]
INFO: [ app_end ] --START--
INFO: Run Behavior\ShowPageTraceBehavior [ RunTime:0.000559s ]
INFO: [ app_end ] --END-- [ RunTime:0.000688s ]

[ 2018-04-05T16:34:10+08:00 ] 127.0.0.1 /ecshop/index.php/Home/Index/index
INFO: [ app_init ] --START--
INFO: Run Behavior\BuildLiteBehavior [ RunTime:0.000018s ]
INFO: [ app_init ] --END-- [ RunTime:0.000262s ]
INFO: [ app_begin ] --START--
INFO: Run Behavior\ReadHtmlCacheBehavior [ RunTime:0.000310s ]
INFO: [ app_begin ] --END-- [ RunTime:0.000385s ]
INFO: [ view_parse ] --START--
INFO: [ template_filter ] --START--
INFO: Run Behavior\ContentReplaceBehavior [ RunTime:0.000154s ]
INFO: [ template_filter ] --END-- [ RunTime:0.000245s ]
INFO: Run Behavior\ParseTemplateBehavior [ RunTime:0.012825s ]
INFO: [ view_parse ] --END-- [ RunTime:0.012947s ]
INFO: [ view_filter ] --START--
INFO: Run Behavior\WriteHtmlCacheBehavior [ RunTime:0.000300s ]
INFO: [ view_filter ] --END-- [ RunTime:0.000430s ]
INFO: [ app_end ] --START--
INFO: Run Behavior\ShowPageTraceBehavior [ RunTime:0.000899s ]
INFO: [ app_end ] --END-- [ RunTime:0.001085s ]

[ 2018-04-05T16:34:17+08:00 ] 127.0.0.1 /ecshop/index.php/Home/Index/index
INFO: [ app_init ] --START--
INFO: Run Behavior\BuildLiteBehavior [ RunTime:0.000029s ]
INFO: [ app_init ] --END-- [ RunTime:0.000643s ]
INFO: [ app_begin ] --START--
INFO: Run Behavior\ReadHtmlCacheBehavior [ RunTime:0.000398s ]
INFO: [ app_begin ] --END-- [ RunTime:0.000488s ]
INFO: [ view_parse ] --START--
INFO: [ template_filter ] --START--
INFO: Run Behavior\ContentReplaceBehavior [ RunTime:0.000159s ]
INFO: [ template_filter ] --END-- [ RunTime:0.000247s ]
INFO: Run Behavior\ParseTemplateBehavior [ RunTime:0.038679s ]
INFO: [ view_parse ] --END-- [ RunTime:0.038771s ]
INFO: [ view_filter ] --START--
INFO: Run Behavior\WriteHtmlCacheBehavior [ RunTime:0.000160s ]
INFO: [ view_filter ] --END-- [ RunTime:0.000222s ]
INFO: [ app_end ] --START--
INFO: Run Behavior\ShowPageTraceBehavior [ RunTime:0.000591s ]
INFO: [ app_end ] --END-- [ RunTime:0.000738s ]

